--2016-08-02 17:21:15--  https://www.space-track.org/basicspacedata/query/class/tle_latest/NORAD_CAT_ID/25544/orderby/ORDINAL%20asc/metadata/false
Resolving www.space-track.org (www.space-track.org)... 207.178.144.234
Connecting to www.space-track.org (www.space-track.org)|207.178.144.234|:443... connected.
HTTP request sent, awaiting response... 200 OK
Length: 4550 (4.4K) [application/json]
Saving to: ‘ISS.json’

     0K ....                                                  100%  171M=0s

2016-08-02 17:21:17 (171 MB/s) - ‘ISS.json’ saved [4550/4550]

--2016-08-02 17:25:04--  https://www.space-track.org/basicspacedata/query/class/tle_latest/NORAD_CAT_ID/25544/orderby/ORDINAL%20asc/metadata/false
Resolving www.space-track.org (www.space-track.org)... 207.178.144.234
Connecting to www.space-track.org (www.space-track.org)|207.178.144.234|:443... connected.
HTTP request sent, awaiting response... 200 OK
Length: 4550 (4.4K) [application/json]
Saving to: ‘ISS.json’

     0K ....                                                  100% 92.5M=0s

2016-08-02 17:25:06 (92.5 MB/s) - ‘ISS.json’ saved [4550/4550]

--2016-08-02 17:25:28--  https://www.prismnet.com/~mmccants/tles/inttles.zip
Resolving www.prismnet.com (www.prismnet.com)... 209.198.128.92
Connecting to www.prismnet.com (www.prismnet.com)|209.198.128.92|:443... connected.
HTTP request sent, awaiting response... 200 OK
Length: 13574 (13K) [application/zip]
Saving to: ‘inttles.zip’

     0K .......... ...                                        100%  113M=0s

2016-08-02 17:25:28 (113 MB/s) - ‘inttles.zip’ saved [13574/13574]

Archive:  inttles.zip
  inflating: inttles.tle             
--2016-08-03 17:25:07--  https://www.space-track.org/basicspacedata/query/class/tle_latest/NORAD_CAT_ID/25544/orderby/ORDINAL%20asc/metadata/false
Resolving www.space-track.org (www.space-track.org)... 207.178.144.234
Connecting to www.space-track.org (www.space-track.org)|207.178.144.234|:443... connected.
HTTP request sent, awaiting response... 200 OK
Length: 4549 (4.4K) [application/json]
Saving to: ‘ISS.json’

     0K ....                                                  100%  138M=0s

2016-08-03 17:25:08 (138 MB/s) - ‘ISS.json’ saved [4549/4549]

--2016-08-03 17:25:28--  https://www.prismnet.com/~mmccants/tles/inttles.zip
Resolving www.prismnet.com (www.prismnet.com)... 209.198.128.92
Connecting to www.prismnet.com (www.prismnet.com)|209.198.128.92|:443... connected.
HTTP request sent, awaiting response... 200 OK
Length: 13546 (13K) [application/zip]
Saving to: ‘inttles.zip’

     0K .......... ...                                        100% 19.8M=0.001s

2016-08-03 17:25:28 (19.8 MB/s) - ‘inttles.zip’ saved [13546/13546]

Archive:  inttles.zip
  inflating: inttles.tle             
--2016-08-04 17:25:09--  https://www.space-track.org/basicspacedata/query/class/tle_latest/NORAD_CAT_ID/25544/orderby/ORDINAL%20asc/metadata/false
Resolving www.space-track.org (www.space-track.org)... 207.178.144.234
Connecting to www.space-track.org (www.space-track.org)|207.178.144.234|:443... connected.
HTTP request sent, awaiting response... 200 OK
Length: 4548 (4.4K) [application/json]
Saving to: ‘ISS.json’

     0K ....                                                  100% 25.0M=0s

2016-08-04 17:25:11 (25.0 MB/s) - ‘ISS.json’ saved [4548/4548]

--2016-08-04 17:25:29--  https://www.prismnet.com/~mmccants/tles/inttles.zip
Resolving www.prismnet.com (www.prismnet.com)... 209.198.128.92
Connecting to www.prismnet.com (www.prismnet.com)|209.198.128.92|:443... connected.
HTTP request sent, awaiting response... 200 OK
Length: 13537 (13K) [application/zip]
Saving to: ‘inttles.zip’

     0K .......... ...                                        100% 43.9M=0s

2016-08-04 17:25:29 (43.9 MB/s) - ‘inttles.zip’ saved [13537/13537]

Archive:  inttles.zip
  inflating: inttles.tle             
--2016-08-05 17:25:12--  https://www.space-track.org/basicspacedata/query/class/tle_latest/NORAD_CAT_ID/25544/orderby/ORDINAL%20asc/metadata/false
Resolving www.space-track.org (www.space-track.org)... 207.178.144.234
Connecting to www.space-track.org (www.space-track.org)|207.178.144.234|:443... connected.
HTTP request sent, awaiting response... 200 OK
Length: 4545 (4.4K) [application/json]
Saving to: ‘ISS.json’

     0K ....                                                  100%  112M=0s

2016-08-05 17:25:13 (112 MB/s) - ‘ISS.json’ saved [4545/4545]

--2016-08-05 17:25:29--  https://www.prismnet.com/~mmccants/tles/inttles.zip
Resolving www.prismnet.com (www.prismnet.com)... 209.198.128.92
Connecting to www.prismnet.com (www.prismnet.com)|209.198.128.92|:443... connected.
HTTP request sent, awaiting response... 200 OK
Length: 13553 (13K) [application/zip]
Saving to: ‘inttles.zip’

     0K .......... ...                                        100% 71.0M=0s

2016-08-05 17:25:29 (71.0 MB/s) - ‘inttles.zip’ saved [13553/13553]

Archive:  inttles.zip
  inflating: inttles.tle             
--2016-08-06 17:25:14--  https://www.space-track.org/basicspacedata/query/class/tle_latest/NORAD_CAT_ID/25544/orderby/ORDINAL%20asc/metadata/false
Resolving www.space-track.org (www.space-track.org)... 207.178.144.234
Connecting to www.space-track.org (www.space-track.org)|207.178.144.234|:443... connected.
HTTP request sent, awaiting response... 200 OK
Length: 4549 (4.4K) [application/json]
Saving to: ‘ISS.json’

     0K ....                                                  100%  186M=0s

2016-08-06 17:25:15 (186 MB/s) - ‘ISS.json’ saved [4549/4549]

--2016-08-06 17:25:29--  https://www.prismnet.com/~mmccants/tles/inttles.zip
Resolving www.prismnet.com (www.prismnet.com)... 209.198.128.92
Connecting to www.prismnet.com (www.prismnet.com)|209.198.128.92|:443... connected.
HTTP request sent, awaiting response... 200 OK
Length: 13532 (13K) [application/zip]
Saving to: ‘inttles.zip’

     0K .......... ...                                        100% 95.8M=0s

2016-08-06 17:25:29 (95.8 MB/s) - ‘inttles.zip’ saved [13532/13532]

Archive:  inttles.zip
  inflating: inttles.tle             
--2016-08-07 17:25:16--  https://www.space-track.org/basicspacedata/query/class/tle_latest/NORAD_CAT_ID/25544/orderby/ORDINAL%20asc/metadata/false
Resolving www.space-track.org (www.space-track.org)... 207.178.144.234
Connecting to www.space-track.org (www.space-track.org)|207.178.144.234|:443... connected.
HTTP request sent, awaiting response... 200 OK
Length: 4551 (4.4K) [application/json]
Saving to: ‘ISS.json’

     0K ....                                                  100%  197M=0s

2016-08-07 17:25:17 (197 MB/s) - ‘ISS.json’ saved [4551/4551]

--2016-08-07 17:25:29--  https://www.prismnet.com/~mmccants/tles/inttles.zip
Resolving www.prismnet.com (www.prismnet.com)... 209.198.128.92
Connecting to www.prismnet.com (www.prismnet.com)|209.198.128.92|:443... connected.
HTTP request sent, awaiting response... 200 OK
Length: 13540 (13K) [application/zip]
Saving to: ‘inttles.zip’

     0K .......... ...                                        100% 95.8M=0s

2016-08-07 17:25:30 (95.8 MB/s) - ‘inttles.zip’ saved [13540/13540]

Archive:  inttles.zip
  inflating: inttles.tle             
--2016-08-08 17:25:18--  https://www.space-track.org/basicspacedata/query/class/tle_latest/NORAD_CAT_ID/25544/orderby/ORDINAL%20asc/metadata/false
Resolving www.space-track.org (www.space-track.org)... 207.178.144.234
Connecting to www.space-track.org (www.space-track.org)|207.178.144.234|:443... connected.
HTTP request sent, awaiting response... 200 OK
Length: 4551 (4.4K) [application/json]
Saving to: ‘ISS.json’

     0K ....                                                  100% 51.6M=0s

2016-08-08 17:25:20 (51.6 MB/s) - ‘ISS.json’ saved [4551/4551]

--2016-08-08 17:25:30--  https://www.prismnet.com/~mmccants/tles/inttles.zip
Resolving www.prismnet.com (www.prismnet.com)... 209.198.128.92
Connecting to www.prismnet.com (www.prismnet.com)|209.198.128.92|:443... connected.
HTTP request sent, awaiting response... 200 OK
Length: 13514 (13K) [application/zip]
Saving to: ‘inttles.zip’

     0K .......... ...                                        100% 52.8M=0s

2016-08-08 17:25:30 (52.8 MB/s) - ‘inttles.zip’ saved [13514/13514]

Archive:  inttles.zip
  inflating: inttles.tle             
--2016-08-09 17:25:21--  https://www.space-track.org/basicspacedata/query/class/tle_latest/NORAD_CAT_ID/25544/orderby/ORDINAL%20asc/metadata/false
Resolving www.space-track.org (www.space-track.org)... 207.178.144.234
Connecting to www.space-track.org (www.space-track.org)|207.178.144.234|:443... connected.
HTTP request sent, awaiting response... 200 OK
Length: 4554 (4.4K) [application/json]
Saving to: ‘ISS.json’

     0K ....                                                  100% 47.6M=0s

2016-08-09 17:25:22 (47.6 MB/s) - ‘ISS.json’ saved [4554/4554]

--2016-08-09 17:25:30--  https://www.prismnet.com/~mmccants/tles/inttles.zip
Resolving www.prismnet.com (www.prismnet.com)... 209.198.128.92
Connecting to www.prismnet.com (www.prismnet.com)|209.198.128.92|:443... connected.
HTTP request sent, awaiting response... 200 OK
Length: 13593 (13K) [application/zip]
Saving to: ‘inttles.zip’

     0K .......... ...                                        100% 59.3M=0s

2016-08-09 17:25:30 (59.3 MB/s) - ‘inttles.zip’ saved [13593/13593]

Archive:  inttles.zip
  inflating: inttles.tle             
--2016-08-10 17:25:23--  https://www.space-track.org/basicspacedata/query/class/tle_latest/NORAD_CAT_ID/25544/orderby/ORDINAL%20asc/metadata/false
Resolving www.space-track.org (www.space-track.org)... 207.178.144.234
Connecting to www.space-track.org (www.space-track.org)|207.178.144.234|:443... connected.
HTTP request sent, awaiting response... 200 OK
Length: 4554 (4.4K) [application/json]
Saving to: ‘ISS.json’

     0K ....                                                  100%  144M=0s

2016-08-10 17:25:24 (144 MB/s) - ‘ISS.json’ saved [4554/4554]

--2016-08-10 17:25:30--  https://www.prismnet.com/~mmccants/tles/inttles.zip
Resolving www.prismnet.com (www.prismnet.com)... 209.198.128.92
Connecting to www.prismnet.com (www.prismnet.com)|209.198.128.92|:443... connected.
HTTP request sent, awaiting response... 200 OK
Length: 13583 (13K) [application/zip]
Saving to: ‘inttles.zip’

     0K .......... ...                                        100% 60.9M=0s

2016-08-10 17:25:31 (60.9 MB/s) - ‘inttles.zip’ saved [13583/13583]

Archive:  inttles.zip
  inflating: inttles.tle             
--2016-08-11 17:25:25--  https://www.space-track.org/basicspacedata/query/class/tle_latest/NORAD_CAT_ID/25544/orderby/ORDINAL%20asc/metadata/false
Resolving www.space-track.org (www.space-track.org)... 207.178.144.234
Connecting to www.space-track.org (www.space-track.org)|207.178.144.234|:443... connected.
HTTP request sent, awaiting response... 200 OK
Length: 4554 (4.4K) [application/json]
Saving to: ‘ISS.json’

     0K ....                                                  100% 76.5M=0s

2016-08-11 17:25:26 (76.5 MB/s) - ‘ISS.json’ saved [4554/4554]

--2016-08-11 17:25:31--  https://www.prismnet.com/~mmccants/tles/inttles.zip
Resolving www.prismnet.com (www.prismnet.com)... 209.198.128.92
Connecting to www.prismnet.com (www.prismnet.com)|209.198.128.92|:443... connected.
HTTP request sent, awaiting response... 200 OK
Length: 13563 (13K) [application/zip]
Saving to: ‘inttles.zip’

     0K .......... ...                                        100% 62.3M=0s

2016-08-11 17:25:31 (62.3 MB/s) - ‘inttles.zip’ saved [13563/13563]

Archive:  inttles.zip
  inflating: inttles.tle             
--2016-08-12 17:25:28--  https://www.space-track.org/basicspacedata/query/class/tle_latest/NORAD_CAT_ID/25544/orderby/ORDINAL%20asc/metadata/false
Resolving www.space-track.org (www.space-track.org)... 207.178.144.234
Connecting to www.space-track.org (www.space-track.org)|207.178.144.234|:443... connected.
HTTP request sent, awaiting response... 200 OK
Length: 4552 (4.4K) [application/json]
Saving to: ‘ISS.json’

     0K ....                                                  100% 47.6M=0s

2016-08-12 17:25:29 (47.6 MB/s) - ‘ISS.json’ saved [4552/4552]

--2016-08-12 17:25:31--  https://www.prismnet.com/~mmccants/tles/inttles.zip
Resolving www.prismnet.com (www.prismnet.com)... 209.198.128.92
Connecting to www.prismnet.com (www.prismnet.com)|209.198.128.92|:443... connected.
HTTP request sent, awaiting response... 200 OK
Length: 13613 (13K) [application/zip]
Saving to: ‘inttles.zip’

     0K .......... ...                                        100% 48.9M=0s

2016-08-12 17:25:31 (48.9 MB/s) - ‘inttles.zip’ saved [13613/13613]

Archive:  inttles.zip
  inflating: inttles.tle             
--2016-08-13 17:25:30--  https://www.space-track.org/basicspacedata/query/class/tle_latest/NORAD_CAT_ID/25544/orderby/ORDINAL%20asc/metadata/false
Resolving www.space-track.org (www.space-track.org)... 207.178.144.234
Connecting to www.space-track.org (www.space-track.org)|207.178.144.234|:443... connected.
HTTP request sent, awaiting response... 200 OK
Length: 4551 (4.4K) [application/json]
Saving to: ‘ISS.json’

     0K ....                                                  100% 51.1M=0s

2016-08-13 17:25:31 (51.1 MB/s) - ‘ISS.json’ saved [4551/4551]

--2016-08-13 17:25:31--  https://www.prismnet.com/~mmccants/tles/inttles.zip
Resolving www.prismnet.com (www.prismnet.com)... 209.198.128.92
Connecting to www.prismnet.com (www.prismnet.com)|209.198.128.92|:443... connected.
HTTP request sent, awaiting response... 200 OK
Length: 13562 (13K) [application/zip]
Saving to: ‘inttles.zip’

     0K .......... ...                                        100% 85.2M=0s

2016-08-13 17:25:31 (85.2 MB/s) - ‘inttles.zip’ saved [13562/13562]

Archive:  inttles.zip
  inflating: inttles.tle             
--2016-08-14 17:25:31--  https://www.prismnet.com/~mmccants/tles/inttles.zip
Resolving www.prismnet.com (www.prismnet.com)... 209.198.128.92
Connecting to www.prismnet.com (www.prismnet.com)|209.198.128.92|:443... connected.
HTTP request sent, awaiting response... 200 OK
Length: 13615 (13K) [application/zip]
Saving to: ‘inttles.zip’

     0K .......... ...                                        100% 53.4M=0s

2016-08-14 17:25:32 (53.4 MB/s) - ‘inttles.zip’ saved [13615/13615]

Archive:  inttles.zip
  inflating: inttles.tle             
--2016-08-14 17:25:32--  https://www.space-track.org/basicspacedata/query/class/tle_latest/NORAD_CAT_ID/25544/orderby/ORDINAL%20asc/metadata/false
Resolving www.space-track.org (www.space-track.org)... 207.178.144.234
Connecting to www.space-track.org (www.space-track.org)|207.178.144.234|:443... connected.
HTTP request sent, awaiting response... 200 OK
Length: 4552 (4.4K) [application/json]
Saving to: ‘ISS.json’

     0K ....                                                  100%  137M=0s

2016-08-14 17:25:33 (137 MB/s) - ‘ISS.json’ saved [4552/4552]

--2016-08-15 17:25:32--  https://www.prismnet.com/~mmccants/tles/inttles.zip
Resolving www.prismnet.com (www.prismnet.com)... 209.198.128.92
Connecting to www.prismnet.com (www.prismnet.com)|209.198.128.92|:443... connected.
HTTP request sent, awaiting response... 200 OK
Length: 13622 (13K) [application/zip]
Saving to: ‘inttles.zip’

     0K .......... ...                                        100% 57.8M=0s

2016-08-15 17:25:32 (57.8 MB/s) - ‘inttles.zip’ saved [13622/13622]

Archive:  inttles.zip
  inflating: inttles.tle             
--2016-08-15 17:25:34--  https://www.space-track.org/basicspacedata/query/class/tle_latest/NORAD_CAT_ID/25544/orderby/ORDINAL%20asc/metadata/false
Resolving www.space-track.org (www.space-track.org)... 207.178.144.234
Connecting to www.space-track.org (www.space-track.org)|207.178.144.234|:443... connected.
HTTP request sent, awaiting response... 200 OK
Length: 4555 (4.4K) [application/json]
Saving to: ‘ISS.json’

     0K ....                                                  100% 20.0M=0s

2016-08-15 17:25:35 (20.0 MB/s) - ‘ISS.json’ saved [4555/4555]

--2016-08-16 17:25:32--  https://www.prismnet.com/~mmccants/tles/inttles.zip
Resolving www.prismnet.com (www.prismnet.com)... 209.198.128.92
Connecting to www.prismnet.com (www.prismnet.com)|209.198.128.92|:443... connected.
HTTP request sent, awaiting response... 200 OK
Length: 13583 (13K) [application/zip]
Saving to: ‘inttles.zip’

     0K .......... ...                                        100% 65.4M=0s

2016-08-16 17:25:32 (65.4 MB/s) - ‘inttles.zip’ saved [13583/13583]

Archive:  inttles.zip
  inflating: inttles.tle             
--2016-08-16 17:25:37--  https://www.space-track.org/basicspacedata/query/class/tle_latest/NORAD_CAT_ID/25544/orderby/ORDINAL%20asc/metadata/false
Resolving www.space-track.org (www.space-track.org)... 207.178.144.234
Connecting to www.space-track.org (www.space-track.org)|207.178.144.234|:443... connected.
HTTP request sent, awaiting response... 200 OK
Length: 4543 (4.4K) [application/json]
Saving to: ‘ISS.json’

     0K ....                                                  100%  188M=0s

2016-08-16 17:25:38 (188 MB/s) - ‘ISS.json’ saved [4543/4543]

--2016-08-17 17:25:32--  https://www.prismnet.com/~mmccants/tles/inttles.zip
Resolving www.prismnet.com (www.prismnet.com)... 209.198.128.92
Connecting to www.prismnet.com (www.prismnet.com)|209.198.128.92|:443... connected.
HTTP request sent, awaiting response... 200 OK
Length: 13567 (13K) [application/zip]
Saving to: ‘inttles.zip’

     0K .......... ...                                        100% 29.3M=0s

2016-08-17 17:25:33 (29.3 MB/s) - ‘inttles.zip’ saved [13567/13567]

Archive:  inttles.zip
  inflating: inttles.tle             
--2016-08-17 17:25:39--  https://www.space-track.org/basicspacedata/query/class/tle_latest/NORAD_CAT_ID/25544/orderby/ORDINAL%20asc/metadata/false
Resolving www.space-track.org (www.space-track.org)... 207.178.144.234
Connecting to www.space-track.org (www.space-track.org)|207.178.144.234|:443... connected.
HTTP request sent, awaiting response... 200 OK
Length: 4554 (4.4K) [application/json]
Saving to: ‘ISS.json’

     0K ....                                                  100%  138M=0s

2016-08-17 17:25:40 (138 MB/s) - ‘ISS.json’ saved [4554/4554]

--2016-08-18 17:25:33--  https://www.prismnet.com/~mmccants/tles/inttles.zip
Resolving www.prismnet.com (www.prismnet.com)... 209.198.128.92
Connecting to www.prismnet.com (www.prismnet.com)|209.198.128.92|:443... connected.
HTTP request sent, awaiting response... 200 OK
Length: 13595 (13K) [application/zip]
Saving to: ‘inttles.zip’

     0K .......... ...                                        100% 52.9M=0s

2016-08-18 17:25:33 (52.9 MB/s) - ‘inttles.zip’ saved [13595/13595]

Archive:  inttles.zip
  inflating: inttles.tle             
--2016-08-18 17:25:41--  https://www.space-track.org/basicspacedata/query/class/tle_latest/NORAD_CAT_ID/25544/orderby/ORDINAL%20asc/metadata/false
Resolving www.space-track.org (www.space-track.org)... 207.178.144.234
Connecting to www.space-track.org (www.space-track.org)|207.178.144.234|:443... connected.
HTTP request sent, awaiting response... 200 OK
Length: 4553 (4.4K) [application/json]
Saving to: ‘ISS.json’

     0K ....                                                  100%  136M=0s

2016-08-18 17:25:42 (136 MB/s) - ‘ISS.json’ saved [4553/4553]

--2016-08-19 17:25:33--  https://www.prismnet.com/~mmccants/tles/inttles.zip
Resolving www.prismnet.com (www.prismnet.com)... 209.198.128.92
Connecting to www.prismnet.com (www.prismnet.com)|209.198.128.92|:443... connected.
HTTP request sent, awaiting response... 200 OK
Length: 13654 (13K) [application/zip]
Saving to: ‘inttles.zip’

     0K .......... ...                                        100% 17.3M=0.001s

2016-08-19 17:25:33 (17.3 MB/s) - ‘inttles.zip’ saved [13654/13654]

Archive:  inttles.zip
  inflating: inttles.tle             
--2016-08-19 17:25:43--  https://www.space-track.org/basicspacedata/query/class/tle_latest/NORAD_CAT_ID/25544/orderby/ORDINAL%20asc/metadata/false
Resolving www.space-track.org (www.space-track.org)... 207.178.144.234
Connecting to www.space-track.org (www.space-track.org)|207.178.144.234|:443... connected.
HTTP request sent, awaiting response... 200 OK
Length: 4550 (4.4K) [application/json]
Saving to: ‘ISS.json’

     0K ....                                                  100% 96.2M=0s

2016-08-19 17:25:44 (96.2 MB/s) - ‘ISS.json’ saved [4550/4550]

--2016-08-20 17:25:33--  https://www.prismnet.com/~mmccants/tles/inttles.zip
Resolving www.prismnet.com (www.prismnet.com)... 209.198.128.92
Connecting to www.prismnet.com (www.prismnet.com)|209.198.128.92|:443... connected.
HTTP request sent, awaiting response... 200 OK
Length: 13658 (13K) [application/zip]
Saving to: ‘inttles.zip’

     0K .......... ...                                        100% 89.3M=0s

2016-08-20 17:25:34 (89.3 MB/s) - ‘inttles.zip’ saved [13658/13658]

Archive:  inttles.zip
  inflating: inttles.tle             
--2016-08-20 17:25:45--  https://www.space-track.org/basicspacedata/query/class/tle_latest/NORAD_CAT_ID/25544/orderby/ORDINAL%20asc/metadata/false
Resolving www.space-track.org (www.space-track.org)... 207.178.144.234
Connecting to www.space-track.org (www.space-track.org)|207.178.144.234|:443... connected.
HTTP request sent, awaiting response... 200 OK
Length: 4550 (4.4K) [application/json]
Saving to: ‘ISS.json’

     0K ....                                                  100%  192M=0s

2016-08-20 17:25:46 (192 MB/s) - ‘ISS.json’ saved [4550/4550]

--2016-08-21 17:25:34--  https://www.prismnet.com/~mmccants/tles/inttles.zip
Resolving www.prismnet.com (www.prismnet.com)... 209.198.128.92
Connecting to www.prismnet.com (www.prismnet.com)|209.198.128.92|:443... connected.
HTTP request sent, awaiting response... 200 OK
Length: 13664 (13K) [application/zip]
Saving to: ‘inttles.zip’

     0K .......... ...                                        100% 46.6M=0s

2016-08-21 17:25:34 (46.6 MB/s) - ‘inttles.zip’ saved [13664/13664]

Archive:  inttles.zip
  inflating: inttles.tle             
--2016-08-21 17:25:47--  https://www.space-track.org/basicspacedata/query/class/tle_latest/NORAD_CAT_ID/25544/orderby/ORDINAL%20asc/metadata/false
Resolving www.space-track.org (www.space-track.org)... 207.178.144.234
Connecting to www.space-track.org (www.space-track.org)|207.178.144.234|:443... connected.
HTTP request sent, awaiting response... 200 OK
Length: 4554 (4.4K) [application/json]
Saving to: ‘ISS.json’

     0K ....                                                  100%  191M=0s

2016-08-21 17:25:48 (191 MB/s) - ‘ISS.json’ saved [4554/4554]

--2016-08-22 17:25:34--  https://www.prismnet.com/~mmccants/tles/inttles.zip
Resolving www.prismnet.com (www.prismnet.com)... 209.198.128.92
Connecting to www.prismnet.com (www.prismnet.com)|209.198.128.92|:443... connected.
HTTP request sent, awaiting response... 200 OK
Length: 13650 (13K) [application/zip]
Saving to: ‘inttles.zip’

     0K .......... ...                                        100% 14.3M=0.001s

2016-08-22 17:25:34 (14.3 MB/s) - ‘inttles.zip’ saved [13650/13650]

Archive:  inttles.zip
  inflating: inttles.tle             
--2016-08-22 17:25:49--  https://www.space-track.org/basicspacedata/query/class/tle_latest/NORAD_CAT_ID/25544/orderby/ORDINAL%20asc/metadata/false
Resolving www.space-track.org (www.space-track.org)... 207.178.144.234
Connecting to www.space-track.org (www.space-track.org)|207.178.144.234|:443... connected.
HTTP request sent, awaiting response... 200 OK
Length: 4549 (4.4K) [application/json]
Saving to: ‘ISS.json’

     0K ....                                                  100%  144M=0s

2016-08-22 17:25:50 (144 MB/s) - ‘ISS.json’ saved [4549/4549]

--2016-08-23 17:25:34--  https://www.prismnet.com/~mmccants/tles/inttles.zip
Resolving www.prismnet.com (www.prismnet.com)... 209.198.128.92
Connecting to www.prismnet.com (www.prismnet.com)|209.198.128.92|:443... connected.
HTTP request sent, awaiting response... 200 OK
Length: 13720 (13K) [application/zip]
Saving to: ‘inttles.zip’

     0K .......... ...                                        100% 39.2M=0s

2016-08-23 17:25:34 (39.2 MB/s) - ‘inttles.zip’ saved [13720/13720]

Archive:  inttles.zip
  inflating: inttles.tle             
--2016-08-23 17:25:52--  https://www.space-track.org/basicspacedata/query/class/tle_latest/NORAD_CAT_ID/25544/orderby/ORDINAL%20asc/metadata/false
Resolving www.space-track.org (www.space-track.org)... 207.178.144.234
Connecting to www.space-track.org (www.space-track.org)|207.178.144.234|:443... connected.
HTTP request sent, awaiting response... 200 OK
Length: 4554 (4.4K) [application/json]
Saving to: ‘ISS.json’

     0K ....                                                  100% 4.75M=0.001s

2016-08-23 17:25:53 (4.75 MB/s) - ‘ISS.json’ saved [4554/4554]

--2016-08-24 17:25:34--  https://www.prismnet.com/~mmccants/tles/inttles.zip
Resolving www.prismnet.com (www.prismnet.com)... 209.198.128.92
Connecting to www.prismnet.com (www.prismnet.com)|209.198.128.92|:443... connected.
HTTP request sent, awaiting response... 200 OK
Length: 13699 (13K) [application/zip]
Saving to: ‘inttles.zip’

     0K .......... ...                                        100% 82.0M=0s

2016-08-24 17:25:35 (82.0 MB/s) - ‘inttles.zip’ saved [13699/13699]

Archive:  inttles.zip
  inflating: inttles.tle             
--2016-08-24 17:25:54--  https://www.space-track.org/basicspacedata/query/class/tle_latest/NORAD_CAT_ID/25544/orderby/ORDINAL%20asc/metadata/false
Resolving www.space-track.org (www.space-track.org)... 207.178.144.234
Connecting to www.space-track.org (www.space-track.org)|207.178.144.234|:443... connected.
HTTP request sent, awaiting response... 200 OK
Length: 4545 (4.4K) [application/json]
Saving to: ‘ISS.json’

     0K ....                                                  100% 11.1M=0s

2016-08-24 17:25:56 (11.1 MB/s) - ‘ISS.json’ saved [4545/4545]

--2016-08-25 17:25:35--  https://www.prismnet.com/~mmccants/tles/inttles.zip
Resolving www.prismnet.com (www.prismnet.com)... 209.198.128.92
Connecting to www.prismnet.com (www.prismnet.com)|209.198.128.92|:443... connected.
HTTP request sent, awaiting response... 200 OK
Length: 13675 (13K) [application/zip]
Saving to: ‘inttles.zip’

     0K .......... ...                                        100% 90.7M=0s

2016-08-25 17:25:35 (90.7 MB/s) - ‘inttles.zip’ saved [13675/13675]

Archive:  inttles.zip
  inflating: inttles.tle             
--2016-08-25 17:25:56--  https://www.space-track.org/basicspacedata/query/class/tle_latest/NORAD_CAT_ID/25544/orderby/ORDINAL%20asc/metadata/false
Resolving www.space-track.org (www.space-track.org)... 207.178.144.234
Connecting to www.space-track.org (www.space-track.org)|207.178.144.234|:443... connected.
HTTP request sent, awaiting response... 200 OK
Length: 4546 (4.4K) [application/json]
Saving to: ‘ISS.json’

     0K ....                                                  100%  141M=0s

2016-08-25 17:25:58 (141 MB/s) - ‘ISS.json’ saved [4546/4546]

--2016-08-26 17:25:35--  https://www.prismnet.com/~mmccants/tles/inttles.zip
Resolving www.prismnet.com (www.prismnet.com)... 209.198.128.92
Connecting to www.prismnet.com (www.prismnet.com)|209.198.128.92|:443... connected.
HTTP request sent, awaiting response... 200 OK
Length: 13710 (13K) [application/zip]
Saving to: ‘inttles.zip’

     0K .......... ...                                        100% 57.7M=0s

2016-08-26 17:25:35 (57.7 MB/s) - ‘inttles.zip’ saved [13710/13710]

Archive:  inttles.zip
  inflating: inttles.tle             
--2016-08-26 17:25:59--  https://www.space-track.org/basicspacedata/query/class/tle_latest/NORAD_CAT_ID/25544/orderby/ORDINAL%20asc/metadata/false
Resolving www.space-track.org (www.space-track.org)... 207.178.144.234
Connecting to www.space-track.org (www.space-track.org)|207.178.144.234|:443... connected.
HTTP request sent, awaiting response... 200 OK
Length: 4548 (4.4K) [application/json]
Saving to: ‘ISS.json’

     0K ....                                                  100% 88.1M=0s

2016-08-26 17:26:00 (88.1 MB/s) - ‘ISS.json’ saved [4548/4548]

--2016-08-27 17:25:36--  https://www.prismnet.com/~mmccants/tles/inttles.zip
Resolving www.prismnet.com (www.prismnet.com)... 209.198.128.92
Connecting to www.prismnet.com (www.prismnet.com)|209.198.128.92|:443... connected.
HTTP request sent, awaiting response... 200 OK
Length: 13667 (13K) [application/zip]
Saving to: ‘inttles.zip’

     0K .......... ...                                        100% 55.6M=0s

2016-08-27 17:25:36 (55.6 MB/s) - ‘inttles.zip’ saved [13667/13667]

Archive:  inttles.zip
  inflating: inttles.tle             
--2016-08-27 17:26:01--  https://www.space-track.org/basicspacedata/query/class/tle_latest/NORAD_CAT_ID/25544/orderby/ORDINAL%20asc/metadata/false
Resolving www.space-track.org (www.space-track.org)... 207.178.144.234
Connecting to www.space-track.org (www.space-track.org)|207.178.144.234|:443... connected.
HTTP request sent, awaiting response... 200 OK
Length: 4550 (4.4K) [application/json]
Saving to: ‘ISS.json’

     0K ....                                                  100%  192M=0s

2016-08-27 17:26:02 (192 MB/s) - ‘ISS.json’ saved [4550/4550]

--2016-08-28 17:25:36--  https://www.prismnet.com/~mmccants/tles/inttles.zip
Resolving www.prismnet.com (www.prismnet.com)... 209.198.128.92
Connecting to www.prismnet.com (www.prismnet.com)|209.198.128.92|:443... connected.
HTTP request sent, awaiting response... 200 OK
Length: 13713 (13K) [application/zip]
Saving to: ‘inttles.zip’

     0K .......... ...                                        100% 52.1M=0s

2016-08-28 17:25:36 (52.1 MB/s) - ‘inttles.zip’ saved [13713/13713]

Archive:  inttles.zip
  inflating: inttles.tle             
--2016-08-28 17:26:04--  https://www.space-track.org/basicspacedata/query/class/tle_latest/NORAD_CAT_ID/25544/orderby/ORDINAL%20asc/metadata/false
Resolving www.space-track.org (www.space-track.org)... 207.178.144.234
Connecting to www.space-track.org (www.space-track.org)|207.178.144.234|:443... connected.
HTTP request sent, awaiting response... 200 OK
Length: 4550 (4.4K) [application/json]
Saving to: ‘ISS.json’

     0K ....                                                  100%  121M=0s

2016-08-28 17:26:05 (121 MB/s) - ‘ISS.json’ saved [4550/4550]

--2016-08-29 17:25:36--  https://www.prismnet.com/~mmccants/tles/inttles.zip
Resolving www.prismnet.com (www.prismnet.com)... 209.198.128.92
Connecting to www.prismnet.com (www.prismnet.com)|209.198.128.92|:443... connected.
HTTP request sent, awaiting response... 200 OK
Length: 13722 (13K) [application/zip]
Saving to: ‘inttles.zip’

     0K .......... ...                                        100% 83.8M=0s

2016-08-29 17:25:36 (83.8 MB/s) - ‘inttles.zip’ saved [13722/13722]

Archive:  inttles.zip
  inflating: inttles.tle             
--2016-08-29 17:26:06--  https://www.space-track.org/basicspacedata/query/class/tle_latest/NORAD_CAT_ID/25544/orderby/ORDINAL%20asc/metadata/false
Resolving www.space-track.org (www.space-track.org)... 207.178.144.234
Connecting to www.space-track.org (www.space-track.org)|207.178.144.234|:443... connected.
HTTP request sent, awaiting response... 200 OK
Length: 4555 (4.4K) [application/json]
Saving to: ‘ISS.json’

     0K ....                                                  100%  141M=0s

2016-08-29 17:26:07 (141 MB/s) - ‘ISS.json’ saved [4555/4555]

--2016-08-30 17:25:36--  https://www.prismnet.com/~mmccants/tles/inttles.zip
Resolving www.prismnet.com (www.prismnet.com)... 209.198.128.92
Connecting to www.prismnet.com (www.prismnet.com)|209.198.128.92|:443... connected.
HTTP request sent, awaiting response... 200 OK
Length: 13703 (13K) [application/zip]
Saving to: ‘inttles.zip’

     0K .......... ...                                        100% 66.6M=0s

2016-08-30 17:25:37 (66.6 MB/s) - ‘inttles.zip’ saved [13703/13703]

Archive:  inttles.zip
  inflating: inttles.tle             
--2016-08-30 17:26:08--  https://www.space-track.org/basicspacedata/query/class/tle_latest/NORAD_CAT_ID/25544/orderby/ORDINAL%20asc/metadata/false
Resolving www.space-track.org (www.space-track.org)... 207.178.144.234
Connecting to www.space-track.org (www.space-track.org)|207.178.144.234|:443... connected.
HTTP request sent, awaiting response... 200 OK
Length: 4554 (4.4K) [application/json]
Saving to: ‘ISS.json’

     0K ....                                                  100% 4.47M=0.001s

2016-08-30 17:26:09 (4.47 MB/s) - ‘ISS.json’ saved [4554/4554]

--2016-08-31 17:25:37--  https://www.prismnet.com/~mmccants/tles/inttles.zip
Resolving www.prismnet.com (www.prismnet.com)... 209.198.128.92
Connecting to www.prismnet.com (www.prismnet.com)|209.198.128.92|:443... connected.
HTTP request sent, awaiting response... 200 OK
Length: 13705 (13K) [application/zip]
Saving to: ‘inttles.zip’

     0K .......... ...                                        100% 99.2M=0s

2016-08-31 17:25:37 (99.2 MB/s) - ‘inttles.zip’ saved [13705/13705]

Archive:  inttles.zip
  inflating: inttles.tle             
--2016-08-31 17:26:10--  https://www.space-track.org/basicspacedata/query/class/tle_latest/NORAD_CAT_ID/25544/orderby/ORDINAL%20asc/metadata/false
Resolving www.space-track.org (www.space-track.org)... 207.178.144.234
Connecting to www.space-track.org (www.space-track.org)|207.178.144.234|:443... connected.
HTTP request sent, awaiting response... 200 OK
Length: 4552 (4.4K) [application/json]
Saving to: ‘ISS.json’

     0K ....                                                  100%  191M=0s

2016-08-31 17:26:11 (191 MB/s) - ‘ISS.json’ saved [4552/4552]

--2016-09-01 17:25:37--  https://www.prismnet.com/~mmccants/tles/inttles.zip
Resolving www.prismnet.com (www.prismnet.com)... 209.198.128.92
Connecting to www.prismnet.com (www.prismnet.com)|209.198.128.92|:443... connected.
HTTP request sent, awaiting response... 200 OK
Length: 13697 (13K) [application/zip]
Saving to: ‘inttles.zip’

     0K .......... ...                                        100% 17.1M=0.001s

2016-09-01 17:25:37 (17.1 MB/s) - ‘inttles.zip’ saved [13697/13697]

Archive:  inttles.zip
  inflating: inttles.tle             
--2016-09-01 17:26:18--  https://www.space-track.org/basicspacedata/query/class/tle_latest/NORAD_CAT_ID/25544/orderby/ORDINAL%20asc/metadata/false
Resolving www.space-track.org (www.space-track.org)... 207.178.144.234
Connecting to www.space-track.org (www.space-track.org)|207.178.144.234|:443... connected.
HTTP request sent, awaiting response... 200 OK
Length: 4546 (4.4K) [application/json]
Saving to: ‘ISS.json’

     0K ....                                                  100% 84.9M=0s

2016-09-01 17:26:21 (84.9 MB/s) - ‘ISS.json’ saved [4546/4546]

--2016-09-02 17:25:37--  https://www.prismnet.com/~mmccants/tles/inttles.zip
Resolving www.prismnet.com (www.prismnet.com)... 209.198.128.92
Connecting to www.prismnet.com (www.prismnet.com)|209.198.128.92|:443... connected.
HTTP request sent, awaiting response... 200 OK
Length: 13681 (13K) [application/zip]
Saving to: ‘inttles.zip’

     0K .......... ...                                        100% 64.9M=0s

2016-09-02 17:25:38 (64.9 MB/s) - ‘inttles.zip’ saved [13681/13681]

Archive:  inttles.zip
  inflating: inttles.tle             
--2016-09-02 17:26:22--  https://www.space-track.org/basicspacedata/query/class/tle_latest/NORAD_CAT_ID/25544/orderby/ORDINAL%20asc/metadata/false
Resolving www.space-track.org (www.space-track.org)... 207.178.144.234
Connecting to www.space-track.org (www.space-track.org)|207.178.144.234|:443... connected.
HTTP request sent, awaiting response... 200 OK
Length: 4553 (4.4K) [application/json]
Saving to: ‘ISS.json’

     0K ....                                                  100%  134M=0s

2016-09-02 17:26:23 (134 MB/s) - ‘ISS.json’ saved [4553/4553]

--2016-09-03 17:25:38--  https://www.prismnet.com/~mmccants/tles/inttles.zip
Resolving www.prismnet.com (www.prismnet.com)... 209.198.128.92
Connecting to www.prismnet.com (www.prismnet.com)|209.198.128.92|:443... connected.
HTTP request sent, awaiting response... 200 OK
Length: 13672 (13K) [application/zip]
Saving to: ‘inttles.zip’

     0K .......... ...                                        100% 74.8M=0s

2016-09-03 17:25:38 (74.8 MB/s) - ‘inttles.zip’ saved [13672/13672]

Archive:  inttles.zip
  inflating: inttles.tle             
--2016-09-03 17:26:24--  https://www.space-track.org/basicspacedata/query/class/tle_latest/NORAD_CAT_ID/25544/orderby/ORDINAL%20asc/metadata/false
Resolving www.space-track.org (www.space-track.org)... 207.178.144.234
Connecting to www.space-track.org (www.space-track.org)|207.178.144.234|:443... connected.
HTTP request sent, awaiting response... 200 OK
Length: 4545 (4.4K) [application/json]
Saving to: ‘ISS.json’

     0K ....                                                  100% 77.9M=0s

2016-09-03 17:26:25 (77.9 MB/s) - ‘ISS.json’ saved [4545/4545]

--2016-09-04 17:25:38--  https://www.prismnet.com/~mmccants/tles/inttles.zip
Resolving www.prismnet.com (www.prismnet.com)... 209.198.128.92
Connecting to www.prismnet.com (www.prismnet.com)|209.198.128.92|:443... connected.
HTTP request sent, awaiting response... 200 OK
Length: 13842 (14K) [application/zip]
Saving to: ‘inttles.zip’

     0K .......... ...                                        100% 71.7M=0s

2016-09-04 17:25:38 (71.7 MB/s) - ‘inttles.zip’ saved [13842/13842]

Archive:  inttles.zip
  inflating: inttles.tle             
--2016-09-04 17:26:26--  https://www.space-track.org/basicspacedata/query/class/tle_latest/NORAD_CAT_ID/25544/orderby/ORDINAL%20asc/metadata/false
Resolving www.space-track.org (www.space-track.org)... 207.178.144.234
Connecting to www.space-track.org (www.space-track.org)|207.178.144.234|:443... connected.
HTTP request sent, awaiting response... 200 OK
Length: 4549 (4.4K) [application/json]
Saving to: ‘ISS.json’

     0K ....                                                  100%  137M=0s

2016-09-04 17:26:27 (137 MB/s) - ‘ISS.json’ saved [4549/4549]

--2016-09-05 17:25:38--  https://www.prismnet.com/~mmccants/tles/inttles.zip
Resolving www.prismnet.com (www.prismnet.com)... 209.198.128.92
Connecting to www.prismnet.com (www.prismnet.com)|209.198.128.92|:443... connected.
HTTP request sent, awaiting response... 200 OK
Length: 13838 (14K) [application/zip]
Saving to: ‘inttles.zip’

     0K .......... ...                                        100% 75.2M=0s

2016-09-05 17:25:39 (75.2 MB/s) - ‘inttles.zip’ saved [13838/13838]

Archive:  inttles.zip
  inflating: inttles.tle             
--2016-09-05 17:26:29--  https://www.space-track.org/basicspacedata/query/class/tle_latest/NORAD_CAT_ID/25544/orderby/ORDINAL%20asc/metadata/false
Resolving www.space-track.org (www.space-track.org)... 207.178.144.234
Connecting to www.space-track.org (www.space-track.org)|207.178.144.234|:443... connected.
HTTP request sent, awaiting response... 200 OK
Length: 4547 (4.4K) [application/json]
Saving to: ‘ISS.json’

     0K ....                                                  100%  189M=0s

2016-09-05 17:26:31 (189 MB/s) - ‘ISS.json’ saved [4547/4547]

--2016-09-06 17:25:39--  https://www.prismnet.com/~mmccants/tles/inttles.zip
Resolving www.prismnet.com (www.prismnet.com)... 209.198.128.92
Connecting to www.prismnet.com (www.prismnet.com)|209.198.128.92|:443... connected.
HTTP request sent, awaiting response... 200 OK
Length: 13767 (13K) [application/zip]
Saving to: ‘inttles.zip’

     0K .......... ...                                        100% 67.9M=0s

2016-09-06 17:25:39 (67.9 MB/s) - ‘inttles.zip’ saved [13767/13767]

Archive:  inttles.zip
  inflating: inttles.tle             
--2016-09-06 17:26:32--  https://www.space-track.org/basicspacedata/query/class/tle_latest/NORAD_CAT_ID/25544/orderby/ORDINAL%20asc/metadata/false
Resolving www.space-track.org (www.space-track.org)... 207.178.144.234
Connecting to www.space-track.org (www.space-track.org)|207.178.144.234|:443... connected.
HTTP request sent, awaiting response... 200 OK
Length: 4548 (4.4K) [application/json]
Saving to: ‘ISS.json’

     0K ....                                                  100%  192M=0s

2016-09-06 17:26:33 (192 MB/s) - ‘ISS.json’ saved [4548/4548]

--2016-09-07 17:25:39--  https://www.prismnet.com/~mmccants/tles/inttles.zip
Resolving www.prismnet.com (www.prismnet.com)... 209.198.128.92
Connecting to www.prismnet.com (www.prismnet.com)|209.198.128.92|:443... connected.
HTTP request sent, awaiting response... 200 OK
Length: 13739 (13K) [application/zip]
Saving to: ‘inttles.zip’

     0K .......... ...                                        100% 17.0M=0.001s

2016-09-07 17:25:39 (17.0 MB/s) - ‘inttles.zip’ saved [13739/13739]

Archive:  inttles.zip
  inflating: inttles.tle             
--2016-09-07 17:26:34--  https://www.space-track.org/basicspacedata/query/class/tle_latest/NORAD_CAT_ID/25544/orderby/ORDINAL%20asc/metadata/false
Resolving www.space-track.org (www.space-track.org)... 207.178.144.234
Connecting to www.space-track.org (www.space-track.org)|207.178.144.234|:443... connected.
HTTP request sent, awaiting response... 200 OK
Length: 4549 (4.4K) [application/json]
Saving to: ‘ISS.json’

     0K ....                                                  100% 22.1M=0s

2016-09-07 17:26:35 (22.1 MB/s) - ‘ISS.json’ saved [4549/4549]

--2016-09-08 17:25:39--  https://www.prismnet.com/~mmccants/tles/inttles.zip
Resolving www.prismnet.com (www.prismnet.com)... 209.198.128.92
Connecting to www.prismnet.com (www.prismnet.com)|209.198.128.92|:443... connected.
HTTP request sent, awaiting response... 200 OK
Length: 13777 (13K) [application/zip]
Saving to: ‘inttles.zip’

     0K .......... ...                                        100% 22.2M=0.001s

2016-09-08 17:25:40 (22.2 MB/s) - ‘inttles.zip’ saved [13777/13777]

Archive:  inttles.zip
  inflating: inttles.tle             
--2016-09-08 17:26:36--  https://www.space-track.org/basicspacedata/query/class/tle_latest/NORAD_CAT_ID/25544/orderby/ORDINAL%20asc/metadata/false
Resolving www.space-track.org (www.space-track.org)... 207.178.144.234
Connecting to www.space-track.org (www.space-track.org)|207.178.144.234|:443... connected.
HTTP request sent, awaiting response... 200 OK
Length: 4548 (4.4K) [application/json]
Saving to: ‘ISS.json’

     0K ....                                                  100%  139M=0s

2016-09-08 17:26:37 (139 MB/s) - ‘ISS.json’ saved [4548/4548]

--2016-09-09 17:25:40--  https://www.prismnet.com/~mmccants/tles/inttles.zip
Resolving www.prismnet.com (www.prismnet.com)... 209.198.128.92
Connecting to www.prismnet.com (www.prismnet.com)|209.198.128.92|:443... connected.
HTTP request sent, awaiting response... 200 OK
Length: 13782 (13K) [application/zip]
Saving to: ‘inttles.zip’

     0K .......... ...                                        100% 20.3M=0.001s

2016-09-09 17:25:40 (20.3 MB/s) - ‘inttles.zip’ saved [13782/13782]

Archive:  inttles.zip
  inflating: inttles.tle             
--2016-09-09 17:26:38--  https://www.space-track.org/basicspacedata/query/class/tle_latest/NORAD_CAT_ID/25544/orderby/ORDINAL%20asc/metadata/false
Resolving www.space-track.org (www.space-track.org)... 207.178.144.234
Connecting to www.space-track.org (www.space-track.org)|207.178.144.234|:443... connected.
HTTP request sent, awaiting response... 200 OK
Length: 4554 (4.4K) [application/json]
Saving to: ‘ISS.json’

     0K ....                                                  100%  133M=0s

2016-09-09 17:26:39 (133 MB/s) - ‘ISS.json’ saved [4554/4554]

--2016-09-10 17:25:40--  https://www.prismnet.com/~mmccants/tles/inttles.zip
Resolving www.prismnet.com (www.prismnet.com)... 209.198.128.92
Connecting to www.prismnet.com (www.prismnet.com)|209.198.128.92|:443... connected.
HTTP request sent, awaiting response... 200 OK
Length: 13817 (13K) [application/zip]
Saving to: ‘inttles.zip’

     0K .......... ...                                        100% 16.9M=0.001s

2016-09-10 17:25:40 (16.9 MB/s) - ‘inttles.zip’ saved [13817/13817]

Archive:  inttles.zip
  inflating: inttles.tle             
--2016-09-10 17:26:40--  https://www.space-track.org/basicspacedata/query/class/tle_latest/NORAD_CAT_ID/25544/orderby/ORDINAL%20asc/metadata/false
Resolving www.space-track.org (www.space-track.org)... 207.178.144.234
Connecting to www.space-track.org (www.space-track.org)|207.178.144.234|:443... connected.
HTTP request sent, awaiting response... 200 OK
Length: 4554 (4.4K) [application/json]
Saving to: ‘ISS.json’

     0K ....                                                  100%  140M=0s

2016-09-10 17:26:41 (140 MB/s) - ‘ISS.json’ saved [4554/4554]

--2016-09-11 17:25:41--  https://www.prismnet.com/~mmccants/tles/inttles.zip
Resolving www.prismnet.com (www.prismnet.com)... 209.198.128.92
Connecting to www.prismnet.com (www.prismnet.com)|209.198.128.92|:443... connected.
HTTP request sent, awaiting response... 200 OK
Length: 13829 (14K) [application/zip]
Saving to: ‘inttles.zip’

     0K .......... ...                                        100% 20.0M=0.001s

2016-09-11 17:25:41 (20.0 MB/s) - ‘inttles.zip’ saved [13829/13829]

Archive:  inttles.zip
  inflating: inttles.tle             
--2016-09-11 17:26:43--  https://www.space-track.org/basicspacedata/query/class/tle_latest/NORAD_CAT_ID/25544/orderby/ORDINAL%20asc/metadata/false
Resolving www.space-track.org (www.space-track.org)... 207.178.144.234
Connecting to www.space-track.org (www.space-track.org)|207.178.144.234|:443... connected.
HTTP request sent, awaiting response... 200 OK
Length: 4556 (4.4K) [application/json]
Saving to: ‘ISS.json’

     0K ....                                                  100%  142M=0s

2016-09-11 17:26:44 (142 MB/s) - ‘ISS.json’ saved [4556/4556]

--2016-09-12 17:25:41--  https://www.prismnet.com/~mmccants/tles/inttles.zip
Resolving www.prismnet.com (www.prismnet.com)... 209.198.128.92
Connecting to www.prismnet.com (www.prismnet.com)|209.198.128.92|:443... connected.
HTTP request sent, awaiting response... 200 OK
Length: 13806 (13K) [application/zip]
Saving to: ‘inttles.zip’

     0K .......... ...                                        100% 20.6M=0.001s

2016-09-12 17:25:41 (20.6 MB/s) - ‘inttles.zip’ saved [13806/13806]

Archive:  inttles.zip
  inflating: inttles.tle             
--2016-09-12 17:26:45--  https://www.space-track.org/basicspacedata/query/class/tle_latest/NORAD_CAT_ID/25544/orderby/ORDINAL%20asc/metadata/false
Resolving www.space-track.org (www.space-track.org)... 207.178.144.234
Connecting to www.space-track.org (www.space-track.org)|207.178.144.234|:443... connected.
HTTP request sent, awaiting response... 200 OK
Length: 4558 (4.5K) [application/json]
Saving to: ‘ISS.json’

     0K ....                                                  100% 63.1M=0s

2016-09-12 17:26:46 (63.1 MB/s) - ‘ISS.json’ saved [4558/4558]

--2016-09-13 17:25:41--  https://www.prismnet.com/~mmccants/tles/inttles.zip
Resolving www.prismnet.com (www.prismnet.com)... 209.198.128.92
Connecting to www.prismnet.com (www.prismnet.com)|209.198.128.92|:443... connected.
HTTP request sent, awaiting response... 200 OK
Length: 13776 (13K) [application/zip]
Saving to: ‘inttles.zip’

     0K .......... ...                                        100% 16.1M=0.001s

2016-09-13 17:25:41 (16.1 MB/s) - ‘inttles.zip’ saved [13776/13776]

Archive:  inttles.zip
  inflating: inttles.tle             
--2016-09-13 17:26:47--  https://www.space-track.org/basicspacedata/query/class/tle_latest/NORAD_CAT_ID/25544/orderby/ORDINAL%20asc/metadata/false
Resolving www.space-track.org (www.space-track.org)... 207.178.144.234
Connecting to www.space-track.org (www.space-track.org)|207.178.144.234|:443... connected.
HTTP request sent, awaiting response... 200 OK
Length: 4557 (4.5K) [application/json]
Saving to: ‘ISS.json’

     0K ....                                                  100% 89.5M=0s

2016-09-13 17:26:49 (89.5 MB/s) - ‘ISS.json’ saved [4557/4557]

--2016-09-14 17:25:41--  https://www.prismnet.com/~mmccants/tles/inttles.zip
Resolving www.prismnet.com (www.prismnet.com)... 209.198.128.92
Connecting to www.prismnet.com (www.prismnet.com)|209.198.128.92|:443... connected.
HTTP request sent, awaiting response... 200 OK
Length: 13792 (13K) [application/zip]
Saving to: ‘inttles.zip’

     0K .......... ...                                        100% 15.5M=0.001s

2016-09-14 17:25:42 (15.5 MB/s) - ‘inttles.zip’ saved [13792/13792]

Archive:  inttles.zip
  inflating: inttles.tle             
--2016-09-14 17:26:50--  https://www.space-track.org/basicspacedata/query/class/tle_latest/NORAD_CAT_ID/25544/orderby/ORDINAL%20asc/metadata/false
Resolving www.space-track.org (www.space-track.org)... 207.178.144.234
Connecting to www.space-track.org (www.space-track.org)|207.178.144.234|:443... connected.
HTTP request sent, awaiting response... 200 OK
Length: 4558 (4.5K) [application/json]
Saving to: ‘ISS.json’

     0K ....                                                  100%  126M=0s

2016-09-14 17:26:51 (126 MB/s) - ‘ISS.json’ saved [4558/4558]

--2016-09-15 17:25:42--  https://www.prismnet.com/~mmccants/tles/inttles.zip
Resolving www.prismnet.com (www.prismnet.com)... 209.198.128.92
Connecting to www.prismnet.com (www.prismnet.com)|209.198.128.92|:443... connected.
HTTP request sent, awaiting response... 200 OK
Length: 13825 (14K) [application/zip]
Saving to: ‘inttles.zip’

     0K .......... ...                                        100% 19.9M=0.001s

2016-09-15 17:25:42 (19.9 MB/s) - ‘inttles.zip’ saved [13825/13825]

Archive:  inttles.zip
  inflating: inttles.tle             
--2016-09-15 17:26:52--  https://www.space-track.org/basicspacedata/query/class/tle_latest/NORAD_CAT_ID/25544/orderby/ORDINAL%20asc/metadata/false
Resolving www.space-track.org (www.space-track.org)... 207.178.144.234
Connecting to www.space-track.org (www.space-track.org)|207.178.144.234|:443... connected.
HTTP request sent, awaiting response... 200 OK
Length: 4559 (4.5K) [application/json]
Saving to: ‘ISS.json’

     0K ....                                                  100%  149M=0s

2016-09-15 17:26:53 (149 MB/s) - ‘ISS.json’ saved [4559/4559]

--2016-09-16 17:25:42--  https://www.prismnet.com/~mmccants/tles/inttles.zip
Resolving www.prismnet.com (www.prismnet.com)... 209.198.128.92
Connecting to www.prismnet.com (www.prismnet.com)|209.198.128.92|:443... connected.
HTTP request sent, awaiting response... 200 OK
Length: 13837 (14K) [application/zip]
Saving to: ‘inttles.zip’

     0K .......... ...                                        100% 16.1M=0.001s

2016-09-16 17:25:42 (16.1 MB/s) - ‘inttles.zip’ saved [13837/13837]

Archive:  inttles.zip
  inflating: inttles.tle             
--2016-09-16 17:26:55--  https://www.space-track.org/basicspacedata/query/class/tle_latest/NORAD_CAT_ID/25544/orderby/ORDINAL%20asc/metadata/false
Resolving www.space-track.org (www.space-track.org)... 207.178.144.234
Connecting to www.space-track.org (www.space-track.org)|207.178.144.234|:443... connected.
HTTP request sent, awaiting response... 200 OK
Length: 4552 (4.4K) [application/json]
Saving to: ‘ISS.json’

     0K ....                                                  100%  132M=0s

2016-09-16 17:26:56 (132 MB/s) - ‘ISS.json’ saved [4552/4552]

--2016-09-17 17:25:42--  https://www.prismnet.com/~mmccants/tles/inttles.zip
Resolving www.prismnet.com (www.prismnet.com)... 209.198.128.92
Connecting to www.prismnet.com (www.prismnet.com)|209.198.128.92|:443... connected.
HTTP request sent, awaiting response... 200 OK
Length: 13766 (13K) [application/zip]
Saving to: ‘inttles.zip’

     0K .......... ...                                        100% 13.1M=0.001s

2016-09-17 17:25:43 (13.1 MB/s) - ‘inttles.zip’ saved [13766/13766]

Archive:  inttles.zip
  inflating: inttles.tle             
--2016-09-17 17:26:57--  https://www.space-track.org/basicspacedata/query/class/tle_latest/NORAD_CAT_ID/25544/orderby/ORDINAL%20asc/metadata/false
Resolving www.space-track.org (www.space-track.org)... 207.178.144.234
Connecting to www.space-track.org (www.space-track.org)|207.178.144.234|:443... connected.
HTTP request sent, awaiting response... 200 OK
Length: 4558 (4.5K) [application/json]
Saving to: ‘ISS.json’

     0K ....                                                  100%  111M=0s

2016-09-17 17:26:58 (111 MB/s) - ‘ISS.json’ saved [4558/4558]

--2016-09-18 17:25:43--  https://www.prismnet.com/~mmccants/tles/inttles.zip
Resolving www.prismnet.com (www.prismnet.com)... 209.198.128.92
Connecting to www.prismnet.com (www.prismnet.com)|209.198.128.92|:443... connected.
HTTP request sent, awaiting response... 200 OK
Length: 13804 (13K) [application/zip]
Saving to: ‘inttles.zip’

     0K .......... ...                                        100% 89.6M=0s

2016-09-18 17:25:43 (89.6 MB/s) - ‘inttles.zip’ saved [13804/13804]

Archive:  inttles.zip
  inflating: inttles.tle             
--2016-09-18 17:26:59--  https://www.space-track.org/basicspacedata/query/class/tle_latest/NORAD_CAT_ID/25544/orderby/ORDINAL%20asc/metadata/false
Resolving www.space-track.org (www.space-track.org)... 207.178.144.234
Connecting to www.space-track.org (www.space-track.org)|207.178.144.234|:443... connected.
HTTP request sent, awaiting response... 200 OK
Length: 4547 (4.4K) [application/json]
Saving to: ‘ISS.json’

     0K ....                                                  100%  126M=0s

2016-09-18 17:27:00 (126 MB/s) - ‘ISS.json’ saved [4547/4547]

--2016-09-19 17:25:43--  https://www.prismnet.com/~mmccants/tles/inttles.zip
Resolving www.prismnet.com (www.prismnet.com)... 209.198.128.92
Connecting to www.prismnet.com (www.prismnet.com)|209.198.128.92|:443... connected.
HTTP request sent, awaiting response... 200 OK
Length: 13829 (14K) [application/zip]
Saving to: ‘inttles.zip’

     0K .......... ...                                        100% 65.5M=0s

2016-09-19 17:25:43 (65.5 MB/s) - ‘inttles.zip’ saved [13829/13829]

Archive:  inttles.zip
  inflating: inttles.tle             
--2016-09-19 17:27:01--  https://www.space-track.org/basicspacedata/query/class/tle_latest/NORAD_CAT_ID/25544/orderby/ORDINAL%20asc/metadata/false
Resolving www.space-track.org (www.space-track.org)... 207.178.144.234
Connecting to www.space-track.org (www.space-track.org)|207.178.144.234|:443... connected.
HTTP request sent, awaiting response... 200 OK
Length: 4543 (4.4K) [application/json]
Saving to: ‘ISS.json’

     0K ....                                                  100%  109M=0s

2016-09-19 17:27:01 (109 MB/s) - ‘ISS.json’ saved [4543/4543]

--2016-09-20 17:25:43--  https://www.prismnet.com/~mmccants/tles/inttles.zip
Resolving www.prismnet.com (www.prismnet.com)... 209.198.128.92
Connecting to www.prismnet.com (www.prismnet.com)|209.198.128.92|:443... connected.
HTTP request sent, awaiting response... 200 OK
Length: 13798 (13K) [application/zip]
Saving to: ‘inttles.zip’

     0K .......... ...                                        100% 89.5M=0s

2016-09-20 17:25:44 (89.5 MB/s) - ‘inttles.zip’ saved [13798/13798]

Archive:  inttles.zip
  inflating: inttles.tle             
--2016-09-20 17:27:03--  https://www.space-track.org/basicspacedata/query/class/tle_latest/NORAD_CAT_ID/25544/orderby/ORDINAL%20asc/metadata/false
Resolving www.space-track.org (www.space-track.org)... 207.178.144.234
Connecting to www.space-track.org (www.space-track.org)|207.178.144.234|:443... connected.
HTTP request sent, awaiting response... 200 OK
Length: 4554 (4.4K) [application/json]
Saving to: ‘ISS.json’

     0K ....                                                  100%  161M=0s

2016-09-20 17:27:04 (161 MB/s) - ‘ISS.json’ saved [4554/4554]

--2016-09-21 17:25:44--  https://www.prismnet.com/~mmccants/tles/inttles.zip
Resolving www.prismnet.com (www.prismnet.com)... 209.198.128.92
Connecting to www.prismnet.com (www.prismnet.com)|209.198.128.92|:443... connected.
HTTP request sent, awaiting response... 200 OK
Length: 13788 (13K) [application/zip]
Saving to: ‘inttles.zip’

     0K .......... ...                                        100% 25.6M=0.001s

2016-09-21 17:25:44 (25.6 MB/s) - ‘inttles.zip’ saved [13788/13788]

Archive:  inttles.zip
  inflating: inttles.tle             
--2016-09-21 17:27:05--  https://www.space-track.org/basicspacedata/query/class/tle_latest/NORAD_CAT_ID/25544/orderby/ORDINAL%20asc/metadata/false
Resolving www.space-track.org (www.space-track.org)... 207.178.144.234
Connecting to www.space-track.org (www.space-track.org)|207.178.144.234|:443... connected.
HTTP request sent, awaiting response... 200 OK
Length: 4559 (4.5K) [application/json]
Saving to: ‘ISS.json’

     0K ....                                                  100%  133M=0s

2016-09-21 17:27:06 (133 MB/s) - ‘ISS.json’ saved [4559/4559]

--2016-09-22 17:25:44--  https://www.prismnet.com/~mmccants/tles/inttles.zip
Resolving www.prismnet.com (www.prismnet.com)... 209.198.128.92
Connecting to www.prismnet.com (www.prismnet.com)|209.198.128.92|:443... connected.
HTTP request sent, awaiting response... 200 OK
Length: 13858 (14K) [application/zip]
Saving to: ‘inttles.zip’

     0K .......... ...                                        100% 52.2M=0s

2016-09-22 17:25:44 (52.2 MB/s) - ‘inttles.zip’ saved [13858/13858]

Archive:  inttles.zip
  inflating: inttles.tle             
--2016-09-22 17:27:07--  https://www.space-track.org/basicspacedata/query/class/tle_latest/NORAD_CAT_ID/25544/orderby/ORDINAL%20asc/metadata/false
Resolving www.space-track.org (www.space-track.org)... 207.178.144.234
Connecting to www.space-track.org (www.space-track.org)|207.178.144.234|:443... connected.
HTTP request sent, awaiting response... 200 OK
Length: 4560 (4.5K) [application/json]
Saving to: ‘ISS.json’

     0K ....                                                  100% 95.0M=0s

2016-09-22 17:27:09 (95.0 MB/s) - ‘ISS.json’ saved [4560/4560]

--2016-09-23 17:25:44--  https://www.prismnet.com/~mmccants/tles/inttles.zip
Resolving www.prismnet.com (www.prismnet.com)... 209.198.128.92
Connecting to www.prismnet.com (www.prismnet.com)|209.198.128.92|:443... connected.
HTTP request sent, awaiting response... 200 OK
Length: 13836 (14K) [application/zip]
Saving to: ‘inttles.zip’

     0K .......... ...                                        100% 60.2M=0s

2016-09-23 17:25:44 (60.2 MB/s) - ‘inttles.zip’ saved [13836/13836]

Archive:  inttles.zip
  inflating: inttles.tle             
--2016-09-23 17:27:10--  https://www.space-track.org/basicspacedata/query/class/tle_latest/NORAD_CAT_ID/25544/orderby/ORDINAL%20asc/metadata/false
Resolving www.space-track.org (www.space-track.org)... 207.178.144.234
Connecting to www.space-track.org (www.space-track.org)|207.178.144.234|:443... connected.
HTTP request sent, awaiting response... 200 OK
Length: 4548 (4.4K) [application/json]
Saving to: ‘ISS.json’

     0K ....                                                  100% 28.1M=0s

2016-09-23 17:27:11 (28.1 MB/s) - ‘ISS.json’ saved [4548/4548]

--2016-09-24 17:25:44--  https://www.prismnet.com/~mmccants/tles/inttles.zip
Resolving www.prismnet.com (www.prismnet.com)... 209.198.128.92
Connecting to www.prismnet.com (www.prismnet.com)|209.198.128.92|:443... connected.
HTTP request sent, awaiting response... 200 OK
Length: 13787 (13K) [application/zip]
Saving to: ‘inttles.zip’

     0K .......... ...                                        100% 51.3M=0s

2016-09-24 17:25:45 (51.3 MB/s) - ‘inttles.zip’ saved [13787/13787]

Archive:  inttles.zip
  inflating: inttles.tle             
--2016-09-24 17:27:12--  https://www.space-track.org/basicspacedata/query/class/tle_latest/NORAD_CAT_ID/25544/orderby/ORDINAL%20asc/metadata/false
Resolving www.space-track.org (www.space-track.org)... 207.178.144.234
Connecting to www.space-track.org (www.space-track.org)|207.178.144.234|:443... connected.
HTTP request sent, awaiting response... 200 OK
Length: 4531 (4.4K) [application/json]
Saving to: ‘ISS.json’

     0K ....                                                  100%  141M=0s

2016-09-24 17:27:13 (141 MB/s) - ‘ISS.json’ saved [4531/4531]

--2016-09-25 17:25:45--  https://www.prismnet.com/~mmccants/tles/inttles.zip
Resolving www.prismnet.com (www.prismnet.com)... 209.198.128.92
Connecting to www.prismnet.com (www.prismnet.com)|209.198.128.92|:443... connected.
HTTP request sent, awaiting response... 200 OK
Length: 13799 (13K) [application/zip]
Saving to: ‘inttles.zip’

     0K .......... ...                                        100% 39.6M=0s

2016-09-25 17:25:45 (39.6 MB/s) - ‘inttles.zip’ saved [13799/13799]

Archive:  inttles.zip
  inflating: inttles.tle             
--2016-09-25 17:27:14--  https://www.space-track.org/basicspacedata/query/class/tle_latest/NORAD_CAT_ID/25544/orderby/ORDINAL%20asc/metadata/false
Resolving www.space-track.org (www.space-track.org)... 207.178.144.234
Connecting to www.space-track.org (www.space-track.org)|207.178.144.234|:443... connected.
HTTP request sent, awaiting response... 200 OK
Length: 4535 (4.4K) [application/json]
Saving to: ‘ISS.json’

     0K ....                                                  100%  175M=0s

2016-09-25 17:27:15 (175 MB/s) - ‘ISS.json’ saved [4535/4535]

--2016-09-26 17:25:45--  https://www.prismnet.com/~mmccants/tles/inttles.zip
Resolving www.prismnet.com (www.prismnet.com)... 209.198.128.92
Connecting to www.prismnet.com (www.prismnet.com)|209.198.128.92|:443... connected.
HTTP request sent, awaiting response... 200 OK
Length: 13817 (13K) [application/zip]
Saving to: ‘inttles.zip’

     0K .......... ...                                        100% 70.5M=0s

2016-09-26 17:25:45 (70.5 MB/s) - ‘inttles.zip’ saved [13817/13817]

Archive:  inttles.zip
  inflating: inttles.tle             
--2016-09-26 17:27:16--  https://www.space-track.org/basicspacedata/query/class/tle_latest/NORAD_CAT_ID/25544/orderby/ORDINAL%20asc/metadata/false
Resolving www.space-track.org (www.space-track.org)... 207.178.144.234
Connecting to www.space-track.org (www.space-track.org)|207.178.144.234|:443... connected.
HTTP request sent, awaiting response... 200 OK
Length: 4543 (4.4K) [application/json]
Saving to: ‘ISS.json’

     0K ....                                                  100% 67.1M=0s

2016-09-26 17:27:17 (67.1 MB/s) - ‘ISS.json’ saved [4543/4543]

--2016-09-27 17:25:45--  https://www.prismnet.com/~mmccants/tles/inttles.zip
Resolving www.prismnet.com (www.prismnet.com)... 209.198.128.92
Connecting to www.prismnet.com (www.prismnet.com)|209.198.128.92|:443... connected.
HTTP request sent, awaiting response... 200 OK
Length: 13776 (13K) [application/zip]
Saving to: ‘inttles.zip’

     0K .......... ...                                        100% 67.4M=0s

2016-09-27 17:25:46 (67.4 MB/s) - ‘inttles.zip’ saved [13776/13776]

Archive:  inttles.zip
  inflating: inttles.tle             
--2016-09-27 17:27:18--  https://www.space-track.org/basicspacedata/query/class/tle_latest/NORAD_CAT_ID/25544/orderby/ORDINAL%20asc/metadata/false
Resolving www.space-track.org (www.space-track.org)... 207.178.144.234
Connecting to www.space-track.org (www.space-track.org)|207.178.144.234|:443... connected.
HTTP request sent, awaiting response... 200 OK
Length: 4549 (4.4K) [application/json]
Saving to: ‘ISS.json’

     0K ....                                                  100%  123M=0s

2016-09-27 17:27:19 (123 MB/s) - ‘ISS.json’ saved [4549/4549]

--2016-09-28 17:25:46--  https://www.prismnet.com/~mmccants/tles/inttles.zip
Resolving www.prismnet.com (www.prismnet.com)... 209.198.128.92
Connecting to www.prismnet.com (www.prismnet.com)|209.198.128.92|:443... connected.
HTTP request sent, awaiting response... 200 OK
Length: 13766 (13K) [application/zip]
Saving to: ‘inttles.zip’

     0K .......... ...                                        100% 58.4M=0s

2016-09-28 17:25:46 (58.4 MB/s) - ‘inttles.zip’ saved [13766/13766]

Archive:  inttles.zip
  inflating: inttles.tle             
--2016-09-28 17:27:20--  https://www.space-track.org/basicspacedata/query/class/tle_latest/NORAD_CAT_ID/25544/orderby/ORDINAL%20asc/metadata/false
Resolving www.space-track.org (www.space-track.org)... 207.178.144.234
Connecting to www.space-track.org (www.space-track.org)|207.178.144.234|:443... connected.
HTTP request sent, awaiting response... 200 OK
Length: 4550 (4.4K) [application/json]
Saving to: ‘ISS.json’

     0K ....                                                  100% 65.2M=0s

2016-09-28 17:27:21 (65.2 MB/s) - ‘ISS.json’ saved [4550/4550]

--2016-09-29 17:25:46--  https://www.prismnet.com/~mmccants/tles/inttles.zip
Resolving www.prismnet.com (www.prismnet.com)... 209.198.128.92
Connecting to www.prismnet.com (www.prismnet.com)|209.198.128.92|:443... connected.
HTTP request sent, awaiting response... 200 OK
Length: 13844 (14K) [application/zip]
Saving to: ‘inttles.zip’

     0K .......... ...                                        100% 57.5M=0s

2016-09-29 17:25:46 (57.5 MB/s) - ‘inttles.zip’ saved [13844/13844]

Archive:  inttles.zip
  inflating: inttles.tle             
--2016-09-29 17:27:22--  https://www.space-track.org/basicspacedata/query/class/tle_latest/NORAD_CAT_ID/25544/orderby/ORDINAL%20asc/metadata/false
Resolving www.space-track.org (www.space-track.org)... 207.178.144.234
Connecting to www.space-track.org (www.space-track.org)|207.178.144.234|:443... connected.
HTTP request sent, awaiting response... 200 OK
Length: 4541 (4.4K) [application/json]
Saving to: ‘ISS.json’

     0K ....                                                  100%  143M=0s

2016-09-29 17:27:24 (143 MB/s) - ‘ISS.json’ saved [4541/4541]

--2016-09-30 17:25:46--  https://www.prismnet.com/~mmccants/tles/inttles.zip
Resolving www.prismnet.com (www.prismnet.com)... 209.198.128.92
Connecting to www.prismnet.com (www.prismnet.com)|209.198.128.92|:443... connected.
HTTP request sent, awaiting response... 200 OK
Length: 13835 (14K) [application/zip]
Saving to: ‘inttles.zip’

     0K .......... ...                                        100%  101M=0s

2016-09-30 17:25:47 (101 MB/s) - ‘inttles.zip’ saved [13835/13835]

Archive:  inttles.zip
  inflating: inttles.tle             
--2016-09-30 17:27:25--  https://www.space-track.org/basicspacedata/query/class/tle_latest/NORAD_CAT_ID/25544/orderby/ORDINAL%20asc/metadata/false
Resolving www.space-track.org (www.space-track.org)... 207.178.144.234
Connecting to www.space-track.org (www.space-track.org)|207.178.144.234|:443... connected.
HTTP request sent, awaiting response... 200 OK
Length: 4543 (4.4K) [application/json]
Saving to: ‘ISS.json’

     0K ....                                                  100% 85.6M=0s

2016-09-30 17:27:26 (85.6 MB/s) - ‘ISS.json’ saved [4543/4543]

--2016-10-01 17:25:47--  https://www.prismnet.com/~mmccants/tles/inttles.zip
Resolving www.prismnet.com (www.prismnet.com)... 209.198.128.92
Connecting to www.prismnet.com (www.prismnet.com)|209.198.128.92|:443... connected.
HTTP request sent, awaiting response... 200 OK
Length: 13835 (14K) [application/zip]
Saving to: ‘inttles.zip’

     0K .......... ...                                        100% 62.5M=0s

2016-10-01 17:25:47 (62.5 MB/s) - ‘inttles.zip’ saved [13835/13835]

Archive:  inttles.zip
  inflating: inttles.tle             
--2016-10-01 17:27:28--  https://www.space-track.org/basicspacedata/query/class/tle_latest/NORAD_CAT_ID/25544/orderby/ORDINAL%20asc/metadata/false
Resolving www.space-track.org (www.space-track.org)... 207.178.144.234
Connecting to www.space-track.org (www.space-track.org)|207.178.144.234|:443... connected.
HTTP request sent, awaiting response... 200 OK
Length: 4542 (4.4K) [application/json]
Saving to: ‘ISS.json’

     0K ....                                                  100% 62.0M=0s

2016-10-01 17:27:29 (62.0 MB/s) - ‘ISS.json’ saved [4542/4542]

--2016-10-02 17:25:47--  https://www.prismnet.com/~mmccants/tles/inttles.zip
Resolving www.prismnet.com (www.prismnet.com)... 209.198.128.92
Connecting to www.prismnet.com (www.prismnet.com)|209.198.128.92|:443... connected.
HTTP request sent, awaiting response... 200 OK
Length: 13890 (14K) [application/zip]
Saving to: ‘inttles.zip’

     0K .......... ...                                        100% 52.4M=0s

2016-10-02 17:25:47 (52.4 MB/s) - ‘inttles.zip’ saved [13890/13890]

Archive:  inttles.zip
  inflating: inttles.tle             
--2016-10-02 17:27:30--  https://www.space-track.org/basicspacedata/query/class/tle_latest/NORAD_CAT_ID/25544/orderby/ORDINAL%20asc/metadata/false
Resolving www.space-track.org (www.space-track.org)... 207.178.144.234
Connecting to www.space-track.org (www.space-track.org)|207.178.144.234|:443... connected.
HTTP request sent, awaiting response... 200 OK
Length: 4546 (4.4K) [application/json]
Saving to: ‘ISS.json’

     0K ....                                                  100% 15.7M=0s

2016-10-02 17:27:31 (15.7 MB/s) - ‘ISS.json’ saved [4546/4546]

--2016-10-03 17:25:47--  https://www.prismnet.com/~mmccants/tles/inttles.zip
Resolving www.prismnet.com (www.prismnet.com)... 209.198.128.92
Connecting to www.prismnet.com (www.prismnet.com)|209.198.128.92|:443... connected.
HTTP request sent, awaiting response... 200 OK
Length: 13838 (14K) [application/zip]
Saving to: ‘inttles.zip’

     0K .......... ...                                        100% 90.1M=0s

2016-10-03 17:25:48 (90.1 MB/s) - ‘inttles.zip’ saved [13838/13838]

Archive:  inttles.zip
  inflating: inttles.tle             
--2016-10-03 17:27:32--  https://www.space-track.org/basicspacedata/query/class/tle_latest/NORAD_CAT_ID/25544/orderby/ORDINAL%20asc/metadata/false
Resolving www.space-track.org (www.space-track.org)... 207.178.144.234
Connecting to www.space-track.org (www.space-track.org)|207.178.144.234|:443... connected.
HTTP request sent, awaiting response... 200 OK
Length: 4544 (4.4K) [application/json]
Saving to: ‘ISS.json’

     0K ....                                                  100%  150M=0s

2016-10-03 17:27:33 (150 MB/s) - ‘ISS.json’ saved [4544/4544]

--2016-10-04 17:25:48--  https://www.prismnet.com/~mmccants/tles/inttles.zip
Resolving www.prismnet.com (www.prismnet.com)... 209.198.128.92
Connecting to www.prismnet.com (www.prismnet.com)|209.198.128.92|:443... connected.
HTTP request sent, awaiting response... 200 OK
Length: 13881 (14K) [application/zip]
Saving to: ‘inttles.zip’

     0K .......... ...                                        100% 57.0M=0s

2016-10-04 17:25:48 (57.0 MB/s) - ‘inttles.zip’ saved [13881/13881]

Archive:  inttles.zip
  inflating: inttles.tle             
--2016-10-04 17:27:44--  https://www.space-track.org/basicspacedata/query/class/tle_latest/NORAD_CAT_ID/25544/orderby/ORDINAL%20asc/metadata/false
Resolving www.space-track.org (www.space-track.org)... 207.178.144.234
Connecting to www.space-track.org (www.space-track.org)|207.178.144.234|:443... connected.
HTTP request sent, awaiting response... 200 OK
Length: 4549 (4.4K) [application/json]
Saving to: ‘ISS.json’

     0K ....                                                  100%  177M=0s

2016-10-04 17:28:24 (177 MB/s) - ‘ISS.json’ saved [4549/4549]

--2016-10-05 17:25:48--  https://www.prismnet.com/~mmccants/tles/inttles.zip
Resolving www.prismnet.com (www.prismnet.com)... 209.198.128.92
Connecting to www.prismnet.com (www.prismnet.com)|209.198.128.92|:443... connected.
HTTP request sent, awaiting response... 200 OK
Length: 13895 (14K) [application/zip]
Saving to: ‘inttles.zip’

     0K .......... ...                                        100% 47.2M=0s

2016-10-05 17:25:48 (47.2 MB/s) - ‘inttles.zip’ saved [13895/13895]

Archive:  inttles.zip
  inflating: inttles.tle             
--2016-10-05 17:28:25--  https://www.space-track.org/basicspacedata/query/class/tle_latest/NORAD_CAT_ID/25544/orderby/ORDINAL%20asc/metadata/false
Resolving www.space-track.org (www.space-track.org)... 207.178.144.234
Connecting to www.space-track.org (www.space-track.org)|207.178.144.234|:443... connected.
HTTP request sent, awaiting response... 200 OK
Length: 4544 (4.4K) [application/json]
Saving to: ‘ISS.json’

     0K ....                                                  100% 32.2M=0s

2016-10-05 17:28:26 (32.2 MB/s) - ‘ISS.json’ saved [4544/4544]

--2016-10-06 17:25:48--  https://www.prismnet.com/~mmccants/tles/inttles.zip
Resolving www.prismnet.com (www.prismnet.com)... 209.198.128.92
Connecting to www.prismnet.com (www.prismnet.com)|209.198.128.92|:443... connected.
HTTP request sent, awaiting response... 200 OK
Length: 13874 (14K) [application/zip]
Saving to: ‘inttles.zip’

     0K .......... ...                                        100% 57.4M=0s

2016-10-06 17:25:48 (57.4 MB/s) - ‘inttles.zip’ saved [13874/13874]

Archive:  inttles.zip
  inflating: inttles.tle             
--2016-10-06 17:28:27--  https://www.space-track.org/basicspacedata/query/class/tle_latest/NORAD_CAT_ID/25544/orderby/ORDINAL%20asc/metadata/false
Resolving www.space-track.org (www.space-track.org)... 207.178.144.234
Connecting to www.space-track.org (www.space-track.org)|207.178.144.234|:443... connected.
HTTP request sent, awaiting response... 200 OK
Length: 4551 (4.4K) [application/json]
Saving to: ‘ISS.json’

     0K ....                                                  100%  152M=0s

2016-10-06 17:28:36 (152 MB/s) - ‘ISS.json’ saved [4551/4551]

--2016-10-07 17:25:48--  https://www.prismnet.com/~mmccants/tles/inttles.zip
Resolving www.prismnet.com (www.prismnet.com)... 209.198.128.92
Connecting to www.prismnet.com (www.prismnet.com)|209.198.128.92|:443... connected.
HTTP request sent, awaiting response... 200 OK
Length: 13897 (14K) [application/zip]
Saving to: ‘inttles.zip’

     0K .......... ...                                        100% 58.0M=0s

2016-10-07 17:25:49 (58.0 MB/s) - ‘inttles.zip’ saved [13897/13897]

Archive:  inttles.zip
  inflating: inttles.tle             
--2016-10-07 17:28:37--  https://www.space-track.org/basicspacedata/query/class/tle_latest/NORAD_CAT_ID/25544/orderby/ORDINAL%20asc/metadata/false
Resolving www.space-track.org (www.space-track.org)... 207.178.144.234
Connecting to www.space-track.org (www.space-track.org)|207.178.144.234|:443... connected.
HTTP request sent, awaiting response... 200 OK
Length: 4543 (4.4K) [application/json]
Saving to: ‘ISS.json’

     0K ....                                                  100% 87.3M=0s

2016-10-07 17:28:37 (87.3 MB/s) - ‘ISS.json’ saved [4543/4543]

--2016-10-08 17:25:49--  https://www.prismnet.com/~mmccants/tles/inttles.zip
Resolving www.prismnet.com (www.prismnet.com)... 209.198.128.92
Connecting to www.prismnet.com (www.prismnet.com)|209.198.128.92|:443... connected.
HTTP request sent, awaiting response... 200 OK
Length: 13891 (14K) [application/zip]
Saving to: ‘inttles.zip’

     0K .......... ...                                        100% 43.9M=0s

2016-10-08 17:25:49 (43.9 MB/s) - ‘inttles.zip’ saved [13891/13891]

Archive:  inttles.zip
  inflating: inttles.tle             
--2016-10-08 17:28:38--  https://www.space-track.org/basicspacedata/query/class/tle_latest/NORAD_CAT_ID/25544/orderby/ORDINAL%20asc/metadata/false
Resolving www.space-track.org (www.space-track.org)... 207.178.144.234
Connecting to www.space-track.org (www.space-track.org)|207.178.144.234|:443... connected.
HTTP request sent, awaiting response... 200 OK
Length: 4536 (4.4K) [application/json]
Saving to: ‘ISS.json’

     0K ....                                                  100% 74.9M=0s

2016-10-08 17:28:40 (74.9 MB/s) - ‘ISS.json’ saved [4536/4536]

--2016-10-09 17:25:49--  https://www.prismnet.com/~mmccants/tles/inttles.zip
Resolving www.prismnet.com (www.prismnet.com)... 209.198.128.92
Connecting to www.prismnet.com (www.prismnet.com)|209.198.128.92|:443... connected.
HTTP request sent, awaiting response... 200 OK
Length: 13859 (14K) [application/zip]
Saving to: ‘inttles.zip’

     0K .......... ...                                        100% 61.5M=0s

2016-10-09 17:25:49 (61.5 MB/s) - ‘inttles.zip’ saved [13859/13859]

Archive:  inttles.zip
  inflating: inttles.tle             
--2016-10-09 17:28:44--  https://www.space-track.org/basicspacedata/query/class/tle_latest/NORAD_CAT_ID/25544/orderby/ORDINAL%20asc/metadata/false
Resolving www.space-track.org (www.space-track.org)... 207.178.144.234
Connecting to www.space-track.org (www.space-track.org)|207.178.144.234|:443... connected.
HTTP request sent, awaiting response... 200 OK
Length: 4541 (4.4K) [application/json]
Saving to: ‘ISS.json’

     0K ....                                                  100% 80.2M=0s

2016-10-09 17:28:48 (80.2 MB/s) - ‘ISS.json’ saved [4541/4541]

--2016-10-10 17:25:49--  https://www.prismnet.com/~mmccants/tles/inttles.zip
Resolving www.prismnet.com (www.prismnet.com)... 209.198.128.92
Connecting to www.prismnet.com (www.prismnet.com)|209.198.128.92|:443... connected.
HTTP request sent, awaiting response... 200 OK
Length: 13861 (14K) [application/zip]
Saving to: ‘inttles.zip’

     0K .......... ...                                        100% 88.6M=0s

2016-10-10 17:25:50 (88.6 MB/s) - ‘inttles.zip’ saved [13861/13861]

Archive:  inttles.zip
  inflating: inttles.tle             
--2016-10-10 17:28:49--  https://www.space-track.org/basicspacedata/query/class/tle_latest/NORAD_CAT_ID/25544/orderby/ORDINAL%20asc/metadata/false
Resolving www.space-track.org (www.space-track.org)... 207.178.144.234
Connecting to www.space-track.org (www.space-track.org)|207.178.144.234|:443... connected.
HTTP request sent, awaiting response... 200 OK
Length: 4543 (4.4K) [application/json]
Saving to: ‘ISS.json’

     0K ....                                                  100%  144M=0s

2016-10-10 17:28:50 (144 MB/s) - ‘ISS.json’ saved [4543/4543]

--2016-10-11 17:25:50--  https://www.prismnet.com/~mmccants/tles/inttles.zip
Resolving www.prismnet.com (www.prismnet.com)... 209.198.128.92
Connecting to www.prismnet.com (www.prismnet.com)|209.198.128.92|:443... connected.
HTTP request sent, awaiting response... 200 OK
Length: 13867 (14K) [application/zip]
Saving to: ‘inttles.zip’

     0K .......... ...                                        100% 39.7M=0s

2016-10-11 17:25:50 (39.7 MB/s) - ‘inttles.zip’ saved [13867/13867]

Archive:  inttles.zip
  inflating: inttles.tle             
--2016-10-11 17:28:55--  https://www.space-track.org/basicspacedata/query/class/tle_latest/NORAD_CAT_ID/25544/orderby/ORDINAL%20asc/metadata/false
Resolving www.space-track.org (www.space-track.org)... 207.178.144.234
Connecting to www.space-track.org (www.space-track.org)|207.178.144.234|:443... connected.
HTTP request sent, awaiting response... 200 OK
Length: 4551 (4.4K) [application/json]
Saving to: ‘ISS.json’

     0K ....                                                  100%  118M=0s

2016-10-11 17:28:56 (118 MB/s) - ‘ISS.json’ saved [4551/4551]

--2016-10-12 17:25:50--  https://www.prismnet.com/~mmccants/tles/inttles.zip
Resolving www.prismnet.com (www.prismnet.com)... 209.198.128.92
Connecting to www.prismnet.com (www.prismnet.com)|209.198.128.92|:443... connected.
HTTP request sent, awaiting response... 200 OK
Length: 13889 (14K) [application/zip]
Saving to: ‘inttles.zip’

     0K .......... ...                                        100% 91.0M=0s

2016-10-12 17:25:50 (91.0 MB/s) - ‘inttles.zip’ saved [13889/13889]

Archive:  inttles.zip
  inflating: inttles.tle             
--2016-10-12 17:28:57--  https://www.space-track.org/basicspacedata/query/class/tle_latest/NORAD_CAT_ID/25544/orderby/ORDINAL%20asc/metadata/false
Resolving www.space-track.org (www.space-track.org)... 207.178.144.234
Connecting to www.space-track.org (www.space-track.org)|207.178.144.234|:443... connected.
HTTP request sent, awaiting response... 200 OK
Length: 4548 (4.4K) [application/json]
Saving to: ‘ISS.json’

     0K ....                                                  100% 85.9M=0s

2016-10-12 17:28:58 (85.9 MB/s) - ‘ISS.json’ saved [4548/4548]

--2016-10-13 17:25:50--  https://www.prismnet.com/~mmccants/tles/inttles.zip
Resolving www.prismnet.com (www.prismnet.com)... 209.198.128.92
Connecting to www.prismnet.com (www.prismnet.com)|209.198.128.92|:443... connected.
HTTP request sent, awaiting response... 200 OK
Length: 13823 (13K) [application/zip]
Saving to: ‘inttles.zip’

     0K .......... ...                                        100% 54.1M=0s

2016-10-13 17:25:51 (54.1 MB/s) - ‘inttles.zip’ saved [13823/13823]

Archive:  inttles.zip
  inflating: inttles.tle             
--2016-10-13 17:29:03--  https://www.space-track.org/basicspacedata/query/class/tle_latest/NORAD_CAT_ID/25544/orderby/ORDINAL%20asc/metadata/false
Resolving www.space-track.org (www.space-track.org)... 207.178.144.234
Connecting to www.space-track.org (www.space-track.org)|207.178.144.234|:443... connected.
HTTP request sent, awaiting response... 200 OK
Length: 4549 (4.4K) [application/json]
Saving to: ‘ISS.json’

     0K ....                                                  100%  193M=0s

2016-10-13 17:29:04 (193 MB/s) - ‘ISS.json’ saved [4549/4549]

--2016-10-14 17:25:51--  https://www.prismnet.com/~mmccants/tles/inttles.zip
Resolving www.prismnet.com (www.prismnet.com)... 209.198.128.92
Connecting to www.prismnet.com (www.prismnet.com)|209.198.128.92|:443... connected.
HTTP request sent, awaiting response... 200 OK
Length: 13863 (14K) [application/zip]
Saving to: ‘inttles.zip’

     0K .......... ...                                        100% 84.5M=0s

2016-10-14 17:25:51 (84.5 MB/s) - ‘inttles.zip’ saved [13863/13863]

Archive:  inttles.zip
  inflating: inttles.tle             
--2016-10-14 17:29:05--  https://www.space-track.org/basicspacedata/query/class/tle_latest/NORAD_CAT_ID/25544/orderby/ORDINAL%20asc/metadata/false
Resolving www.space-track.org (www.space-track.org)... 207.178.144.234
Connecting to www.space-track.org (www.space-track.org)|207.178.144.234|:443... connected.
HTTP request sent, awaiting response... 200 OK
Length: 4549 (4.4K) [application/json]
Saving to: ‘ISS.json’

     0K ....                                                  100%  167M=0s

2016-10-14 17:29:06 (167 MB/s) - ‘ISS.json’ saved [4549/4549]

--2016-10-15 17:25:51--  https://www.prismnet.com/~mmccants/tles/inttles.zip
Resolving www.prismnet.com (www.prismnet.com)... 209.198.128.92
Connecting to www.prismnet.com (www.prismnet.com)|209.198.128.92|:443... connected.
HTTP request sent, awaiting response... 200 OK
Length: 13854 (14K) [application/zip]
Saving to: ‘inttles.zip’

     0K .......... ...                                        100% 87.9M=0s

2016-10-15 17:25:51 (87.9 MB/s) - ‘inttles.zip’ saved [13854/13854]

Archive:  inttles.zip
  inflating: inttles.tle             
--2016-10-15 17:29:07--  https://www.space-track.org/basicspacedata/query/class/tle_latest/NORAD_CAT_ID/25544/orderby/ORDINAL%20asc/metadata/false
Resolving www.space-track.org (www.space-track.org)... 207.178.144.234
Connecting to www.space-track.org (www.space-track.org)|207.178.144.234|:443... connected.
HTTP request sent, awaiting response... 200 OK
Length: 4548 (4.4K) [application/json]
Saving to: ‘ISS.json’

     0K ....                                                  100%  144M=0s

2016-10-15 17:29:08 (144 MB/s) - ‘ISS.json’ saved [4548/4548]

--2016-10-16 17:25:51--  https://www.prismnet.com/~mmccants/tles/inttles.zip
Resolving www.prismnet.com (www.prismnet.com)... 209.198.128.92
Connecting to www.prismnet.com (www.prismnet.com)|209.198.128.92|:443... connected.
HTTP request sent, awaiting response... 200 OK
Length: 13870 (14K) [application/zip]
Saving to: ‘inttles.zip’

     0K .......... ...                                        100% 79.6M=0s

2016-10-16 17:25:51 (79.6 MB/s) - ‘inttles.zip’ saved [13870/13870]

Archive:  inttles.zip
  inflating: inttles.tle             
--2016-10-16 17:29:09--  https://www.space-track.org/basicspacedata/query/class/tle_latest/NORAD_CAT_ID/25544/orderby/ORDINAL%20asc/metadata/false
Resolving www.space-track.org (www.space-track.org)... 207.178.144.234
Connecting to www.space-track.org (www.space-track.org)|207.178.144.234|:443... connected.
HTTP request sent, awaiting response... 200 OK
Length: 4552 (4.4K) [application/json]
Saving to: ‘ISS.json’

     0K ....                                                  100% 17.7M=0s

2016-10-16 17:29:14 (17.7 MB/s) - ‘ISS.json’ saved [4552/4552]

--2016-10-17 17:25:51--  https://www.prismnet.com/~mmccants/tles/inttles.zip
Resolving www.prismnet.com (www.prismnet.com)... 209.198.128.92
Connecting to www.prismnet.com (www.prismnet.com)|209.198.128.92|:443... connected.
HTTP request sent, awaiting response... 200 OK
Length: 13862 (14K) [application/zip]
Saving to: ‘inttles.zip’

     0K .......... ...                                        100% 70.8M=0s

2016-10-17 17:25:52 (70.8 MB/s) - ‘inttles.zip’ saved [13862/13862]

Archive:  inttles.zip
  inflating: inttles.tle             
--2016-10-17 17:29:18--  https://www.space-track.org/basicspacedata/query/class/tle_latest/NORAD_CAT_ID/25544/orderby/ORDINAL%20asc/metadata/false
Resolving www.space-track.org (www.space-track.org)... 207.178.144.234
Connecting to www.space-track.org (www.space-track.org)|207.178.144.234|:443... connected.
HTTP request sent, awaiting response... 200 OK
Length: 4556 (4.4K) [application/json]
Saving to: ‘ISS.json’

     0K ....                                                  100%  115M=0s

2016-10-17 17:29:22 (115 MB/s) - ‘ISS.json’ saved [4556/4556]

--2016-10-18 17:25:52--  https://www.prismnet.com/~mmccants/tles/inttles.zip
Resolving www.prismnet.com (www.prismnet.com)... 209.198.128.92
Connecting to www.prismnet.com (www.prismnet.com)|209.198.128.92|:443... connected.
HTTP request sent, awaiting response... 200 OK
Length: 13879 (14K) [application/zip]
Saving to: ‘inttles.zip’

     0K .......... ...                                        100% 89.4M=0s

2016-10-18 17:25:52 (89.4 MB/s) - ‘inttles.zip’ saved [13879/13879]

Archive:  inttles.zip
  inflating: inttles.tle             
--2016-10-18 17:29:23--  https://www.space-track.org/basicspacedata/query/class/tle_latest/NORAD_CAT_ID/25544/orderby/ORDINAL%20asc/metadata/false
Resolving www.space-track.org (www.space-track.org)... 207.178.144.234
Connecting to www.space-track.org (www.space-track.org)|207.178.144.234|:443... connected.
HTTP request sent, awaiting response... 200 OK
Length: 4550 (4.4K) [application/json]
Saving to: ‘ISS.json’

     0K ....                                                  100% 45.8M=0s

2016-10-18 17:29:24 (45.8 MB/s) - ‘ISS.json’ saved [4550/4550]

--2016-10-19 17:25:52--  https://www.prismnet.com/~mmccants/tles/inttles.zip
Resolving www.prismnet.com (www.prismnet.com)... 209.198.128.92
Connecting to www.prismnet.com (www.prismnet.com)|209.198.128.92|:443... connected.
HTTP request sent, awaiting response... 200 OK
Length: 13866 (14K) [application/zip]
Saving to: ‘inttles.zip’

     0K .......... ...                                        100% 71.1M=0s

2016-10-19 17:25:52 (71.1 MB/s) - ‘inttles.zip’ saved [13866/13866]

Archive:  inttles.zip
  inflating: inttles.tle             
--2016-10-19 17:29:25--  https://www.space-track.org/basicspacedata/query/class/tle_latest/NORAD_CAT_ID/25544/orderby/ORDINAL%20asc/metadata/false
Resolving www.space-track.org (www.space-track.org)... 207.178.144.234
Connecting to www.space-track.org (www.space-track.org)|207.178.144.234|:443... connected.
HTTP request sent, awaiting response... 200 OK
Length: 4549 (4.4K) [application/json]
Saving to: ‘ISS.json’

     0K ....                                                  100%  194M=0s

2016-10-19 17:29:27 (194 MB/s) - ‘ISS.json’ saved [4549/4549]

--2016-10-20 17:25:52--  https://www.prismnet.com/~mmccants/tles/inttles.zip
Resolving www.prismnet.com (www.prismnet.com)... 209.198.128.92
Connecting to www.prismnet.com (www.prismnet.com)|209.198.128.92|:443... connected.
HTTP request sent, awaiting response... 200 OK
Length: 13905 (14K) [application/zip]
Saving to: ‘inttles.zip’

     0K .......... ...                                        100% 48.5M=0s

2016-10-20 17:25:53 (48.5 MB/s) - ‘inttles.zip’ saved [13905/13905]

Archive:  inttles.zip
  inflating: inttles.tle             
--2016-10-20 17:29:28--  https://www.space-track.org/basicspacedata/query/class/tle_latest/NORAD_CAT_ID/25544/orderby/ORDINAL%20asc/metadata/false
Resolving www.space-track.org (www.space-track.org)... 207.178.144.234
Connecting to www.space-track.org (www.space-track.org)|207.178.144.234|:443... connected.
HTTP request sent, awaiting response... 200 OK
Length: 4540 (4.4K) [application/json]
Saving to: ‘ISS.json’

     0K ....                                                  100%  194M=0s

2016-10-20 17:29:29 (194 MB/s) - ‘ISS.json’ saved [4540/4540]

--2016-10-21 17:25:53--  https://www.prismnet.com/~mmccants/tles/inttles.zip
Resolving www.prismnet.com (www.prismnet.com)... 209.198.128.92
Connecting to www.prismnet.com (www.prismnet.com)|209.198.128.92|:443... connected.
HTTP request sent, awaiting response... 200 OK
Length: 13885 (14K) [application/zip]
Saving to: ‘inttles.zip’

     0K .......... ...                                        100% 90.9M=0s

2016-10-21 17:25:53 (90.9 MB/s) - ‘inttles.zip’ saved [13885/13885]

Archive:  inttles.zip
  inflating: inttles.tle             
--2016-10-21 17:29:30--  https://www.space-track.org/basicspacedata/query/class/tle_latest/NORAD_CAT_ID/25544/orderby/ORDINAL%20asc/metadata/false
Resolving www.space-track.org (www.space-track.org)... 207.178.144.234
Connecting to www.space-track.org (www.space-track.org)|207.178.144.234|:443... connected.
HTTP request sent, awaiting response... 200 OK
Length: 4548 (4.4K) [application/json]
Saving to: ‘ISS.json’

     0K ....                                                  100% 70.5M=0s

2016-10-21 17:29:31 (70.5 MB/s) - ‘ISS.json’ saved [4548/4548]

--2016-10-22 17:25:53--  https://www.prismnet.com/~mmccants/tles/inttles.zip
Resolving www.prismnet.com (www.prismnet.com)... 209.198.128.92
Connecting to www.prismnet.com (www.prismnet.com)|209.198.128.92|:443... connected.
HTTP request sent, awaiting response... 200 OK
Length: 13863 (14K) [application/zip]
Saving to: ‘inttles.zip’

     0K .......... ...                                        100%  107M=0s

2016-10-22 17:25:53 (107 MB/s) - ‘inttles.zip’ saved [13863/13863]

Archive:  inttles.zip
  inflating: inttles.tle             
--2016-10-22 17:29:32--  https://www.space-track.org/basicspacedata/query/class/tle_latest/NORAD_CAT_ID/25544/orderby/ORDINAL%20asc/metadata/false
Resolving www.space-track.org (www.space-track.org)... 207.178.144.234
Connecting to www.space-track.org (www.space-track.org)|207.178.144.234|:443... connected.
HTTP request sent, awaiting response... 200 OK
Length: 4550 (4.4K) [application/json]
Saving to: ‘ISS.json’

     0K ....                                                  100%  141M=0s

2016-10-22 17:29:33 (141 MB/s) - ‘ISS.json’ saved [4550/4550]

--2016-10-23 17:25:53--  https://www.prismnet.com/~mmccants/tles/inttles.zip
Resolving www.prismnet.com (www.prismnet.com)... 209.198.128.92
Connecting to www.prismnet.com (www.prismnet.com)|209.198.128.92|:443... connected.
HTTP request sent, awaiting response... 200 OK
Length: 13902 (14K) [application/zip]
Saving to: ‘inttles.zip’

     0K .......... ...                                        100% 75.1M=0s

2016-10-23 17:25:54 (75.1 MB/s) - ‘inttles.zip’ saved [13902/13902]

Archive:  inttles.zip
  inflating: inttles.tle             
--2016-10-23 17:29:34--  https://www.space-track.org/basicspacedata/query/class/tle_latest/NORAD_CAT_ID/25544/orderby/ORDINAL%20asc/metadata/false
Resolving www.space-track.org (www.space-track.org)... 207.178.144.234
Connecting to www.space-track.org (www.space-track.org)|207.178.144.234|:443... connected.
HTTP request sent, awaiting response... 200 OK
Length: 4548 (4.4K) [application/json]
Saving to: ‘ISS.json’

     0K ....                                                  100% 83.0M=0s

2016-10-23 17:29:35 (83.0 MB/s) - ‘ISS.json’ saved [4548/4548]

